<?xml version="1.0" encoding="UTF-8"?>
<coverage generated="1557920719334" clover="3.2.0">
  <project timestamp="1557920719334" name="All files">
    <metrics statements="15" coveredstatements="11" conditionals="0" coveredconditionals="0" methods="10" coveredmethods="4" elements="25" coveredelements="15" complexity="0" loc="15" ncloc="15" packages="1" files="1" classes="1">
      <file name="App.js" path="/root/react-components-test-setup/src/App.js">
        <metrics statements="15" coveredstatements="11" conditionals="0" coveredconditionals="0" methods="10" coveredmethods="4"/>
        <line num="4" count="1" type="stmt"/>
        <line num="8" count="1" type="stmt"/>
        <line num="14" count="1" type="stmt"/>
        <line num="16" count="1" type="stmt"/>
        <line num="21" count="1" type="stmt"/>
        <line num="22" count="1" type="stmt"/>
        <line num="26" count="1" type="stmt"/>
        <line num="27" count="0" type="stmt"/>
        <line num="28" count="0" type="stmt"/>
        <line num="32" count="0" type="stmt"/>
        <line num="36" count="0" type="stmt"/>
        <line num="40" count="1" type="stmt"/>
        <line num="42" count="1" type="stmt"/>
        <line num="65" count="1" type="stmt"/>
        <line num="66" count="2" type="stmt"/>
      </file>
    </metrics>
  </project>
</coverage>
