{"/root/react-components-test-setup/src/App.js": {"path":"/root/react-components-test-setup/src/App.js","statementMap":{"0":{"start":{"line":4,"column":27},"end":{"line":6,"column":2}},"1":{"start":{"line":4,"column":43},"end":{"line":6,"column":1}},"2":{"start":{"line":8,"column":27},"end":{"line":10,"column":2}},"3":{"start":{"line":8,"column":43},"end":{"line":10,"column":1}},"4":{"start":{"line":14,"column":4},"end":{"line":14,"column":12}},"5":{"start":{"line":16,"column":4},"end":{"line":19,"column":6}},"6":{"start":{"line":21,"column":4},"end":{"line":21,"column":51}},"7":{"start":{"line":22,"column":4},"end":{"line":22,"column":51}},"8":{"start":{"line":26,"column":4},"end":{"line":28,"column":42}},"9":{"start":{"line":27,"column":23},"end":{"line":27,"column":64}},"10":{"start":{"line":28,"column":22},"end":{"line":28,"column":40}},"11":{"start":{"line":32,"column":4},"end":{"line":32,"column":31}},"12":{"start":{"line":36,"column":4},"end":{"line":36,"column":31}},"13":{"start":{"line":40,"column":24},"end":{"line":40,"column":34}},"14":{"start":{"line":42,"column":4},"end":{"line":61,"column":6}},"15":{"start":{"line":65,"column":23},"end":{"line":66,"column":18}},"16":{"start":{"line":66,"column":2},"end":{"line":66,"column":18}}},"fnMap":{"0":{"name":"(anonymous_0)","decl":{"start":{"line":4,"column":27},"end":{"line":4,"column":28}},"loc":{"start":{"line":4,"column":43},"end":{"line":6,"column":1}},"line":4},"1":{"name":"(anonymous_1)","decl":{"start":{"line":8,"column":27},"end":{"line":8,"column":28}},"loc":{"start":{"line":8,"column":43},"end":{"line":10,"column":1}},"line":8},"2":{"name":"(anonymous_2)","decl":{"start":{"line":13,"column":2},"end":{"line":13,"column":3}},"loc":{"start":{"line":13,"column":16},"end":{"line":23,"column":3}},"line":13},"3":{"name":"(anonymous_3)","decl":{"start":{"line":25,"column":2},"end":{"line":25,"column":3}},"loc":{"start":{"line":25,"column":22},"end":{"line":29,"column":3}},"line":25},"4":{"name":"(anonymous_4)","decl":{"start":{"line":27,"column":12},"end":{"line":27,"column":13}},"loc":{"start":{"line":27,"column":23},"end":{"line":27,"column":64}},"line":27},"5":{"name":"(anonymous_5)","decl":{"start":{"line":28,"column":13},"end":{"line":28,"column":14}},"loc":{"start":{"line":28,"column":22},"end":{"line":28,"column":40}},"line":28},"6":{"name":"(anonymous_6)","decl":{"start":{"line":31,"column":2},"end":{"line":31,"column":3}},"loc":{"start":{"line":31,"column":16},"end":{"line":33,"column":3}},"line":31},"7":{"name":"(anonymous_7)","decl":{"start":{"line":35,"column":2},"end":{"line":35,"column":3}},"loc":{"start":{"line":35,"column":16},"end":{"line":37,"column":3}},"line":35},"8":{"name":"(anonymous_8)","decl":{"start":{"line":39,"column":2},"end":{"line":39,"column":3}},"loc":{"start":{"line":39,"column":11},"end":{"line":62,"column":3}},"line":39},"9":{"name":"(anonymous_9)","decl":{"start":{"line":65,"column":23},"end":{"line":65,"column":24}},"loc":{"start":{"line":66,"column":2},"end":{"line":66,"column":18}},"line":66}},"branchMap":{},"s":{"0":1,"1":0,"2":1,"3":0,"4":1,"5":1,"6":1,"7":1,"8":1,"9":0,"10":0,"11":0,"12":0,"13":1,"14":1,"15":1,"16":2},"f":{"0":0,"1":0,"2":1,"3":1,"4":0,"5":0,"6":0,"7":0,"8":1,"9":2},"b":{},"_coverageSchema":"332fd63041d2c1bcb487cc26dd0d5f7d97098a6c","hash":"b1012cd52db69cffe3c0064be2f2a8857433346e"}
}
