TN:
SF:/root/react-components-test-setup/src/App.js
FN:4,(anonymous_0)
FN:8,(anonymous_1)
FN:13,(anonymous_2)
FN:25,(anonymous_3)
FN:27,(anonymous_4)
FN:28,(anonymous_5)
FN:31,(anonymous_6)
FN:35,(anonymous_7)
FN:39,(anonymous_8)
FN:65,(anonymous_9)
FNF:10
FNH:4
FNDA:0,(anonymous_0)
FNDA:0,(anonymous_1)
FNDA:1,(anonymous_2)
FNDA:1,(anonymous_3)
FNDA:0,(anonymous_4)
FNDA:0,(anonymous_5)
FNDA:0,(anonymous_6)
FNDA:0,(anonymous_7)
FNDA:1,(anonymous_8)
FNDA:2,(anonymous_9)
DA:4,1
DA:8,1
DA:14,1
DA:16,1
DA:21,1
DA:22,1
DA:26,1
DA:27,0
DA:28,0
DA:32,0
DA:36,0
DA:40,1
DA:42,1
DA:65,1
DA:66,2
LF:15
LH:11
BRF:0
BRH:0
end_of_record
