<?xml version="1.0" ?>
<!DOCTYPE coverage SYSTEM "http://cobertura.sourceforge.net/xml/coverage-04.dtd">
<coverage lines-valid="260" lines-covered="254" line-rate="0.9769" branches-valid="165" branches-covered="156" branch-rate="0.9455" timestamp="1563369329789" complexity="0" version="0.1">
  <sources>
    <source>C:\Users\venkatamahesha\Desktop\reactlint</source>
  </sources>
  <packages>
    <package name="lib" line-rate="0.99" branch-rate="0.938">
      <classes>
        <class name="redux.js" filename="lib\redux.js" line-rate="0.99" branch-rate="0.938">
          <methods>
            <method name="_interopDefault" hits="5" signature="()V">
              <lines>
                <line number="5" hits="5"/>
              </lines>
            </method>
            <method name="randomString" hits="61" signature="()V">
              <lines>
                <line number="15" hits="61"/>
              </lines>
            </method>
            <method name="PROBE_UNKNOWN_ACTION" hits="51" signature="()V">
              <lines>
                <line number="22" hits="51"/>
              </lines>
            </method>
            <method name="isPlainObject" hits="176" signature="()V">
              <lines>
                <line number="31" hits="176"/>
              </lines>
            </method>
            <method name="createStore" hits="71" signature="()V">
              <lines>
                <line number="68" hits="71"/>
              </lines>
            </method>
            <method name="ensureCanMutateNextListeners" hits="41" signature="()V">
              <lines>
                <line number="105" hits="41"/>
              </lines>
            </method>
            <method name="getState" hits="36" signature="()V">
              <lines>
                <line number="117" hits="36"/>
              </lines>
            </method>
            <method name="subscribe" hits="34" signature="()V">
              <lines>
                <line number="149" hits="34"/>
              </lines>
            </method>
            <method name="unsubscribe" hits="15" signature="()V">
              <lines>
                <line number="161" hits="15"/>
              </lines>
            </method>
            <method name="dispatch" hits="127" signature="()V">
              <lines>
                <line number="203" hits="127"/>
              </lines>
            </method>
            <method name="replaceReducer" hits="5" signature="()V">
              <lines>
                <line number="244" hits="5"/>
              </lines>
            </method>
            <method name="observable" hits="6" signature="()V">
              <lines>
                <line number="266" hits="6"/>
              </lines>
            </method>
            <method name="subscribe" hits="8" signature="()V">
              <lines>
                <line number="279" hits="8"/>
              </lines>
            </method>
            <method name="observeState" hits="9" signature="()V">
              <lines>
                <line number="284" hits="9"/>
              </lines>
            </method>
            <method name="(anonymous_14)" hits="0" signature="()V">
              <lines>
                <line number="296" hits="0"/>
              </lines>
            </method>
            <method name="warning" hits="11" signature="()V">
              <lines>
                <line number="321" hits="11"/>
              </lines>
            </method>
            <method name="getUndefinedStateErrorMessage" hits="3" signature="()V">
              <lines>
                <line number="338" hits="3"/>
              </lines>
            </method>
            <method name="getUnexpectedStateShapeWarningMessage" hits="50" signature="()V">
              <lines>
                <line number="344" hits="50"/>
              </lines>
            </method>
            <method name="(anonymous_18)" hits="70" signature="()V">
              <lines>
                <line number="356" hits="70"/>
              </lines>
            </method>
            <method name="(anonymous_19)" hits="10" signature="()V">
              <lines>
                <line number="359" hits="10"/>
              </lines>
            </method>
            <method name="assertReducerShape" hits="25" signature="()V">
              <lines>
                <line number="369" hits="25"/>
              </lines>
            </method>
            <method name="(anonymous_21)" hits="53" signature="()V">
              <lines>
                <line number="370" hits="53"/>
              </lines>
            </method>
            <method name="combineReducers" hits="25" signature="()V">
              <lines>
                <line number="405" hits="25"/>
              </lines>
            </method>
            <method name="combination" hits="53" signature="()V">
              <lines>
                <line number="440" hits="53"/>
              </lines>
            </method>
            <method name="bindActionCreator" hits="20" signature="()V">
              <lines>
                <line number="479" hits="20"/>
              </lines>
            </method>
            <method name="(anonymous_25)" hits="3" signature="()V">
              <lines>
                <line number="480" hits="3"/>
              </lines>
            </method>
            <method name="bindActionCreators" hits="7" signature="()V">
              <lines>
                <line number="507" hits="7"/>
              </lines>
            </method>
            <method name="_defineProperty" hits="24" signature="()V">
              <lines>
                <line number="529" hits="24"/>
              </lines>
            </method>
            <method name="_objectSpread" hits="4" signature="()V">
              <lines>
                <line number="544" hits="4"/>
              </lines>
            </method>
            <method name="(anonymous_29)" hits="4" signature="()V">
              <lines>
                <line number="550" hits="4"/>
              </lines>
            </method>
            <method name="(anonymous_30)" hits="24" signature="()V">
              <lines>
                <line number="555" hits="24"/>
              </lines>
            </method>
            <method name="compose" hits="20" signature="()V">
              <lines>
                <line number="573" hits="20"/>
              </lines>
            </method>
            <method name="(anonymous_32)" hits="3" signature="()V">
              <lines>
                <line number="579" hits="3"/>
              </lines>
            </method>
            <method name="(anonymous_33)" hits="23" signature="()V">
              <lines>
                <line number="588" hits="23"/>
              </lines>
            </method>
            <method name="(anonymous_34)" hits="18" signature="()V">
              <lines>
                <line number="589" hits="18"/>
              </lines>
            </method>
            <method name="applyMiddleware" hits="5" signature="()V">
              <lines>
                <line number="612" hits="5"/>
              </lines>
            </method>
            <method name="(anonymous_36)" hits="5" signature="()V">
              <lines>
                <line number="617" hits="5"/>
              </lines>
            </method>
            <method name="(anonymous_37)" hits="5" signature="()V">
              <lines>
                <line number="618" hits="5"/>
              </lines>
            </method>
            <method name="dispatch" hits="1" signature="()V">
              <lines>
                <line number="621" hits="1"/>
              </lines>
            </method>
            <method name="dispatch" hits="5" signature="()V">
              <lines>
                <line number="627" hits="5"/>
              </lines>
            </method>
            <method name="(anonymous_40)" hits="8" signature="()V">
              <lines>
                <line number="631" hits="8"/>
              </lines>
            </method>
            <method name="isCrushed" hits="0" signature="()V">
              <lines>
                <line number="647" hits="0"/>
              </lines>
            </method>
          </methods>
          <lines>
            <line number="3" hits="5" branch="false"/>
            <line number="5" hits="5" branch="true" condition-coverage="80% (4/5)"/>
            <line number="7" hits="5" branch="false"/>
            <line number="15" hits="5" branch="false"/>
            <line number="16" hits="61" branch="false"/>
            <line number="19" hits="5" branch="false"/>
            <line number="23" hits="51" branch="false"/>
            <line number="32" hits="176" branch="true" condition-coverage="100% (4/4)"/>
            <line number="33" hits="170" branch="false"/>
            <line number="35" hits="170" branch="false"/>
            <line number="36" hits="171" branch="false"/>
            <line number="39" hits="170" branch="false"/>
            <line number="71" hits="71" branch="true" condition-coverage="100% (6/6)"/>
            <line number="72" hits="2" branch="false"/>
            <line number="75" hits="69" branch="true" condition-coverage="100% (4/4)"/>
            <line number="76" hits="3" branch="false"/>
            <line number="77" hits="3" branch="false"/>
            <line number="80" hits="69" branch="true" condition-coverage="100% (2/2)"/>
            <line number="81" hits="9" branch="true" condition-coverage="100% (2/2)"/>
            <line number="82" hits="4" branch="false"/>
            <line number="85" hits="5" branch="false"/>
            <line number="88" hits="60" branch="true" condition-coverage="100% (2/2)"/>
            <line number="89" hits="3" branch="false"/>
            <line number="92" hits="57" branch="false"/>
            <line number="93" hits="57" branch="false"/>
            <line number="94" hits="57" branch="false"/>
            <line number="95" hits="57" branch="false"/>
            <line number="96" hits="57" branch="false"/>
            <line number="106" hits="41" branch="true" condition-coverage="100% (2/2)"/>
            <line number="107" hits="27" branch="false"/>
            <line number="118" hits="36" branch="true" condition-coverage="100% (2/2)"/>
            <line number="119" hits="1" branch="false"/>
            <line number="122" hits="35" branch="false"/>
            <line number="150" hits="34" branch="true" condition-coverage="100% (2/2)"/>
            <line number="151" hits="4" branch="false"/>
            <line number="154" hits="30" branch="true" condition-coverage="100% (2/2)"/>
            <line number="155" hits="1" branch="false"/>
            <line number="158" hits="29" branch="false"/>
            <line number="159" hits="29" branch="false"/>
            <line number="160" hits="29" branch="false"/>
            <line number="161" hits="29" branch="false"/>
            <line number="162" hits="15" branch="true" condition-coverage="100% (2/2)"/>
            <line number="163" hits="2" branch="false"/>
            <line number="166" hits="13" branch="true" condition-coverage="100% (2/2)"/>
            <line number="167" hits="1" branch="false"/>
            <line number="170" hits="12" branch="false"/>
            <line number="171" hits="12" branch="false"/>
            <line number="172" hits="12" branch="false"/>
            <line number="173" hits="12" branch="false"/>
            <line number="204" hits="127" branch="true" condition-coverage="100% (2/2)"/>
            <line number="205" hits="5" branch="false"/>
            <line number="208" hits="122" branch="true" condition-coverage="100% (2/2)"/>
            <line number="209" hits="2" branch="false"/>
            <line number="212" hits="120" branch="true" condition-coverage="100% (2/2)"/>
            <line number="213" hits="1" branch="false"/>
            <line number="216" hits="119" branch="false"/>
            <line number="217" hits="119" branch="false"/>
            <line number="218" hits="119" branch="false"/>
            <line number="220" hits="119" branch="false"/>
            <line number="223" hits="114" branch="false"/>
            <line number="225" hits="114" branch="false"/>
            <line number="226" hits="37" branch="false"/>
            <line number="227" hits="37" branch="false"/>
            <line number="230" hits="114" branch="false"/>
            <line number="245" hits="5" branch="true" condition-coverage="100% (2/2)"/>
            <line number="246" hits="1" branch="false"/>
            <line number="249" hits="4" branch="false"/>
            <line number="254" hits="4" branch="false"/>
            <line number="269" hits="6" branch="false"/>
            <line number="270" hits="6" branch="false"/>
            <line number="280" hits="8" branch="true" condition-coverage="100% (4/4)"/>
            <line number="281" hits="3" branch="false"/>
            <line number="285" hits="9" branch="true" condition-coverage="100% (2/2)"/>
            <line number="286" hits="7" branch="false"/>
            <line number="290" hits="5" branch="false"/>
            <line number="291" hits="5" branch="false"/>
            <line number="292" hits="5" branch="false"/>
            <line number="297" hits="0" branch="false"/>
            <line number="304" hits="57" branch="false"/>
            <line number="307" hits="57" branch="false"/>
            <line number="323" hits="11" branch="true" condition-coverage="75% (3/4)"/>
            <line number="324" hits="11" branch="false"/>
            <line number="329" hits="11" branch="false"/>
            <line number="333" hits="11" branch="false"/>
            <line number="339" hits="3" branch="true" condition-coverage="100% (2/2)"/>
            <line number="340" hits="3" branch="true" condition-coverage="100% (3/3)"/>
            <line number="341" hits="3" branch="false"/>
            <line number="345" hits="50" branch="false"/>
            <line number="346" hits="50" branch="true" condition-coverage="100% (4/4)"/>
            <line number="348" hits="50" branch="true" condition-coverage="100% (2/2)"/>
            <line number="349" hits="1" branch="false"/>
            <line number="352" hits="49" branch="true" condition-coverage="100% (2/2)"/>
            <line number="353" hits="2" branch="false"/>
            <line number="356" hits="47" branch="false"/>
            <line number="357" hits="70" branch="true" condition-coverage="100% (2/2)"/>
            <line number="359" hits="47" branch="false"/>
            <line number="360" hits="10" branch="false"/>
            <line number="362" hits="47" branch="true" condition-coverage="100% (4/4)"/>
            <line number="364" hits="45" branch="true" condition-coverage="100% (2/2)"/>
            <line number="365" hits="6" branch="true" condition-coverage="100% (2/2)"/>
            <line number="370" hits="25" branch="false"/>
            <line number="371" hits="53" branch="false"/>
            <line number="372" hits="53" branch="false"/>
            <line number="376" hits="52" branch="true" condition-coverage="100% (2/2)"/>
            <line number="377" hits="1" branch="false"/>
            <line number="380" hits="51" branch="true" condition-coverage="100% (2/2)"/>
            <line number="383" hits="1" branch="false"/>
            <line number="406" hits="25" branch="false"/>
            <line number="407" hits="25" branch="false"/>
            <line number="409" hits="25" branch="false"/>
            <line number="410" hits="58" branch="false"/>
            <line number="412" hits="58" branch="true" condition-coverage="50% (1/2)"/>
            <line number="413" hits="58" branch="true" condition-coverage="100% (2/2)"/>
            <line number="414" hits="2" branch="false"/>
            <line number="418" hits="58" branch="true" condition-coverage="100% (2/2)"/>
            <line number="419" hits="53" branch="false"/>
            <line number="423" hits="25" branch="false"/>
            <line number="428" hits="25" branch="true" condition-coverage="50% (1/2)"/>
            <line number="429" hits="25" branch="false"/>
            <line number="434" hits="25" branch="false"/>
            <line number="435" hits="25" branch="false"/>
            <line number="437" hits="3" branch="false"/>
            <line number="440" hits="25" branch="false"/>
            <line number="441" hits="53" branch="true" condition-coverage="100% (2/2)"/>
            <line number="442" hits="15" branch="false"/>
            <line number="445" hits="53" branch="true" condition-coverage="100% (2/2)"/>
            <line number="446" hits="3" branch="false"/>
            <line number="449" hits="50" branch="true" condition-coverage="50% (1/2)"/>
            <line number="450" hits="50" branch="false"/>
            <line number="452" hits="50" branch="true" condition-coverage="100% (2/2)"/>
            <line number="453" hits="9" branch="false"/>
            <line number="457" hits="50" branch="false"/>
            <line number="458" hits="50" branch="false"/>
            <line number="460" hits="50" branch="false"/>
            <line number="461" hits="98" branch="false"/>
            <line number="462" hits="98" branch="false"/>
            <line number="463" hits="98" branch="false"/>
            <line number="464" hits="98" branch="false"/>
            <line number="466" hits="98" branch="true" condition-coverage="100% (2/2)"/>
            <line number="467" hits="3" branch="false"/>
            <line number="468" hits="3" branch="false"/>
            <line number="471" hits="95" branch="false"/>
            <line number="472" hits="95" branch="true" condition-coverage="100% (2/2)"/>
            <line number="475" hits="47" branch="true" condition-coverage="100% (2/2)"/>
            <line number="480" hits="20" branch="false"/>
            <line number="481" hits="3" branch="false"/>
            <line number="508" hits="7" branch="true" condition-coverage="100% (2/2)"/>
            <line number="509" hits="2" branch="false"/>
            <line number="512" hits="5" branch="true" condition-coverage="100% (4/4)"/>
            <line number="513" hits="3" branch="true" condition-coverage="100% (2/2)"/>
            <line number="516" hits="2" branch="false"/>
            <line number="518" hits="2" branch="false"/>
            <line number="519" hits="23" branch="false"/>
            <line number="521" hits="23" branch="true" condition-coverage="100% (2/2)"/>
            <line number="522" hits="18" branch="false"/>
            <line number="526" hits="2" branch="false"/>
            <line number="530" hits="24" branch="true" condition-coverage="100% (2/2)"/>
            <line number="531" hits="4" branch="false"/>
            <line number="538" hits="20" branch="false"/>
            <line number="541" hits="24" branch="false"/>
            <line number="545" hits="4" branch="false"/>
            <line number="546" hits="8" branch="true" condition-coverage="50% (1/2)"/>
            <line number="547" hits="8" branch="false"/>
            <line number="549" hits="8" branch="true" condition-coverage="50% (1/2)"/>
            <line number="550" hits="8" branch="false"/>
            <line number="551" hits="4" branch="false"/>
            <line number="555" hits="8" branch="false"/>
            <line number="556" hits="24" branch="false"/>
            <line number="560" hits="4" branch="false"/>
            <line number="574" hits="20" branch="false"/>
            <line number="575" hits="40" branch="false"/>
            <line number="578" hits="20" branch="true" condition-coverage="100% (2/2)"/>
            <line number="579" hits="3" branch="false"/>
            <line number="580" hits="3" branch="false"/>
            <line number="584" hits="17" branch="true" condition-coverage="100% (2/2)"/>
            <line number="585" hits="3" branch="false"/>
            <line number="588" hits="14" branch="false"/>
            <line number="589" hits="23" branch="false"/>
            <line number="590" hits="18" branch="false"/>
            <line number="613" hits="5" branch="false"/>
            <line number="614" hits="8" branch="false"/>
            <line number="617" hits="5" branch="false"/>
            <line number="618" hits="5" branch="false"/>
            <line number="619" hits="5" branch="false"/>
            <line number="621" hits="5" branch="false"/>
            <line number="622" hits="1" branch="false"/>
            <line number="625" hits="5" branch="false"/>
            <line number="628" hits="5" branch="false"/>
            <line number="631" hits="5" branch="false"/>
            <line number="632" hits="8" branch="false"/>
            <line number="634" hits="4" branch="false"/>
            <line number="635" hits="4" branch="false"/>
            <line number="649" hits="5" branch="true" condition-coverage="80% (4/5)"/>
            <line number="650" hits="0" branch="false"/>
            <line number="653" hits="5" branch="false"/>
            <line number="654" hits="5" branch="false"/>
            <line number="655" hits="5" branch="false"/>
            <line number="656" hits="5" branch="false"/>
            <line number="657" hits="5" branch="false"/>
            <line number="658" hits="5" branch="false"/>
          </lines>
        </class>
      </classes>
    </package>
    <package name="src.utils" line-rate="1" branch-rate="1">
      <classes>
        <class name="isPlainObject.js" filename="src\utils\isPlainObject.js" line-rate="1" branch-rate="1">
          <methods>
            <method name="isPlainObject" hits="7" signature="()V">
              <lines>
                <line number="5" hits="7"/>
              </lines>
            </method>
          </methods>
          <lines>
            <line number="6" hits="7" branch="true" condition-coverage="100% (4/4)"/>
            <line number="8" hits="5" branch="false"/>
            <line number="9" hits="5" branch="false"/>
            <line number="10" hits="8" branch="false"/>
            <line number="13" hits="5" branch="false"/>
          </lines>
        </class>
        <class name="warning.js" filename="src\utils\warning.js" line-rate="1" branch-rate="1">
          <methods>
            <method name="warning" hits="3" signature="()V">
              <lines>
                <line number="7" hits="3"/>
              </lines>
            </method>
          </methods>
          <lines>
            <line number="9" hits="3" branch="true" condition-coverage="100% (4/4)"/>
            <line number="10" hits="1" branch="false"/>
            <line number="13" hits="3" branch="false"/>
            <line number="17" hits="3" branch="false"/>
          </lines>
        </class>
      </classes>
    </package>
    <package name="test.helpers" line-rate="0.9216" branch-rate="0.9643">
      <classes>
        <class name="actionCreators.js" filename="test\helpers\actionCreators.js" line-rate="1" branch-rate="1">
          <methods>
            <method name="addTodo" hits="22" signature="()V">
              <lines>
                <line number="11" hits="22"/>
              </lines>
            </method>
            <method name="addTodoAsync" hits="2" signature="()V">
              <lines>
                <line number="15" hits="2"/>
              </lines>
            </method>
            <method name="(anonymous_2)" hits="2" signature="()V">
              <lines>
                <line number="16" hits="2"/>
              </lines>
            </method>
            <method name="(anonymous_3)" hits="2" signature="()V">
              <lines>
                <line number="17" hits="2"/>
              </lines>
            </method>
            <method name="(anonymous_4)" hits="2" signature="()V">
              <lines>
                <line number="18" hits="2"/>
              </lines>
            </method>
            <method name="addTodoIfEmpty" hits="2" signature="()V">
              <lines>
                <line number="25" hits="2"/>
              </lines>
            </method>
            <method name="(anonymous_6)" hits="2" signature="()V">
              <lines>
                <line number="26" hits="2"/>
              </lines>
            </method>
            <method name="dispatchInMiddle" hits="1" signature="()V">
              <lines>
                <line number="33" hits="1"/>
              </lines>
            </method>
            <method name="getStateInMiddle" hits="1" signature="()V">
              <lines>
                <line number="40" hits="1"/>
              </lines>
            </method>
            <method name="subscribeInMiddle" hits="1" signature="()V">
              <lines>
                <line number="47" hits="1"/>
              </lines>
            </method>
            <method name="unsubscribeInMiddle" hits="1" signature="()V">
              <lines>
                <line number="54" hits="1"/>
              </lines>
            </method>
            <method name="throwError" hits="1" signature="()V">
              <lines>
                <line number="61" hits="1"/>
              </lines>
            </method>
            <method name="unknownAction" hits="22" signature="()V">
              <lines>
                <line number="67" hits="22"/>
              </lines>
            </method>
          </methods>
          <lines>
            <line number="12" hits="22" branch="false"/>
            <line number="16" hits="2" branch="false"/>
            <line number="17" hits="2" branch="false"/>
            <line number="18" hits="2" branch="false"/>
            <line number="19" hits="2" branch="false"/>
            <line number="20" hits="2" branch="false"/>
            <line number="26" hits="2" branch="false"/>
            <line number="27" hits="2" branch="true" condition-coverage="100% (2/2)"/>
            <line number="28" hits="1" branch="false"/>
            <line number="34" hits="1" branch="false"/>
            <line number="41" hits="1" branch="false"/>
            <line number="48" hits="1" branch="false"/>
            <line number="55" hits="1" branch="false"/>
            <line number="62" hits="1" branch="false"/>
            <line number="68" hits="22" branch="false"/>
          </lines>
        </class>
        <class name="actionTypes.js" filename="test\helpers\actionTypes.js" line-rate="1" branch-rate="1">
          <methods>
          </methods>
          <lines>
            <line number="1" hits="3" branch="false"/>
            <line number="2" hits="3" branch="false"/>
            <line number="3" hits="3" branch="false"/>
            <line number="4" hits="3" branch="false"/>
            <line number="5" hits="3" branch="false"/>
            <line number="6" hits="3" branch="false"/>
            <line number="7" hits="3" branch="false"/>
          </lines>
        </class>
        <class name="middleware.js" filename="test\helpers\middleware.js" line-rate="1" branch-rate="1">
          <methods>
            <method name="thunk" hits="3" signature="()V">
              <lines>
                <line number="1" hits="3"/>
              </lines>
            </method>
            <method name="(anonymous_1)" hits="3" signature="()V">
              <lines>
                <line number="2" hits="3"/>
              </lines>
            </method>
            <method name="(anonymous_2)" hits="10" signature="()V">
              <lines>
                <line number="2" hits="10"/>
              </lines>
            </method>
          </methods>
          <lines>
            <line number="2" hits="3" branch="false"/>
            <line number="3" hits="10" branch="true" condition-coverage="100% (2/2)"/>
          </lines>
        </class>
        <class name="reducers.js" filename="test\helpers\reducers.js" line-rate="0.8519" branch-rate="0.9582999999999999">
          <methods>
            <method name="id" hits="19" signature="()V">
              <lines>
                <line number="10" hits="19"/>
              </lines>
            </method>
            <method name="(anonymous_1)" hits="12" signature="()V">
              <lines>
                <line number="12" hits="12"/>
              </lines>
            </method>
            <method name="todos" hits="89" signature="()V">
              <lines>
                <line number="16" hits="89"/>
              </lines>
            </method>
            <method name="todosReverse" hits="9" signature="()V">
              <lines>
                <line number="31" hits="9"/>
              </lines>
            </method>
            <method name="dispatchInTheMiddleOfReducer" hits="9" signature="()V">
              <lines>
                <line number="46" hits="9"/>
              </lines>
            </method>
            <method name="getStateInTheMiddleOfReducer" hits="9" signature="()V">
              <lines>
                <line number="56" hits="9"/>
              </lines>
            </method>
            <method name="subscribeInTheMiddleOfReducer" hits="9" signature="()V">
              <lines>
                <line number="66" hits="9"/>
              </lines>
            </method>
            <method name="unsubscribeInTheMiddleOfReducer" hits="9" signature="()V">
              <lines>
                <line number="76" hits="9"/>
              </lines>
            </method>
            <method name="errorThrowingReducer" hits="10" signature="()V">
              <lines>
                <line number="86" hits="10"/>
              </lines>
            </method>
          </methods>
          <lines>
            <line number="11" hits="19" branch="false"/>
            <line number="12" hits="12" branch="true" condition-coverage="100% (2/2)"/>
            <line number="17" hits="89" branch="true" condition-coverage="100% (2/2)"/>
            <line number="19" hits="18" branch="false"/>
            <line number="27" hits="71" branch="false"/>
            <line number="32" hits="9" branch="true" condition-coverage="100% (2/2)"/>
            <line number="34" hits="1" branch="false"/>
            <line number="42" hits="8" branch="false"/>
            <line number="47" hits="9" branch="true" condition-coverage="100% (2/2)"/>
            <line number="49" hits="1" branch="false"/>
            <line number="50" hits="0" branch="false"/>
            <line number="52" hits="8" branch="false"/>
            <line number="57" hits="9" branch="true" condition-coverage="100% (2/2)"/>
            <line number="59" hits="1" branch="false"/>
            <line number="60" hits="0" branch="false"/>
            <line number="62" hits="8" branch="false"/>
            <line number="67" hits="9" branch="true" condition-coverage="100% (2/2)"/>
            <line number="69" hits="1" branch="false"/>
            <line number="70" hits="0" branch="false"/>
            <line number="72" hits="8" branch="false"/>
            <line number="77" hits="9" branch="true" condition-coverage="100% (2/2)"/>
            <line number="79" hits="1" branch="false"/>
            <line number="80" hits="0" branch="false"/>
            <line number="82" hits="8" branch="false"/>
            <line number="87" hits="10" branch="true" condition-coverage="100% (2/2)"/>
            <line number="89" hits="1" branch="false"/>
            <line number="91" hits="9" branch="false"/>
          </lines>
        </class>
      </classes>
    </package>
  </packages>
</coverage>
