{"C:\\Users\\venkatamahesha\\Desktop\\reactlint\\lib\\redux.js": {"path":"C:\\Users\\venkatamahesha\\Desktop\\reactlint\\lib\\redux.js","statementMap":{"0":{"start":{"line":3,"column":0},"end":{"line":3,"column":62}},"1":{"start":{"line":5,"column":32},"end":{"line":5,"column":112}},"2":{"start":{"line":7,"column":19},"end":{"line":7,"column":64}},"3":{"start":{"line":15,"column":19},"end":{"line":17,"column":1}},"4":{"start":{"line":16,"column":2},"end":{"line":16,"column":69}},"5":{"start":{"line":19,"column":18},"end":{"line":25,"column":1}},"6":{"start":{"line":23,"column":4},"end":{"line":23,"column":59}},"7":{"start":{"line":32,"column":2},"end":{"line":32,"column":60}},"8":{"start":{"line":32,"column":47},"end":{"line":32,"column":60}},"9":{"start":{"line":33,"column":14},"end":{"line":33,"column":17}},"10":{"start":{"line":35,"column":2},"end":{"line":37,"column":3}},"11":{"start":{"line":36,"column":4},"end":{"line":36,"column":41}},"12":{"start":{"line":39,"column":2},"end":{"line":39,"column":46}},"13":{"start":{"line":71,"column":2},"end":{"line":73,"column":3}},"14":{"start":{"line":72,"column":4},"end":{"line":72,"column":181}},"15":{"start":{"line":75,"column":2},"end":{"line":78,"column":3}},"16":{"start":{"line":76,"column":4},"end":{"line":76,"column":30}},"17":{"start":{"line":77,"column":4},"end":{"line":77,"column":31}},"18":{"start":{"line":80,"column":2},"end":{"line":86,"column":3}},"19":{"start":{"line":81,"column":4},"end":{"line":83,"column":5}},"20":{"start":{"line":82,"column":6},"end":{"line":82,"column":65}},"21":{"start":{"line":85,"column":4},"end":{"line":85,"column":58}},"22":{"start":{"line":88,"column":2},"end":{"line":90,"column":3}},"23":{"start":{"line":89,"column":4},"end":{"line":89,"column":62}},"24":{"start":{"line":92,"column":23},"end":{"line":92,"column":30}},"25":{"start":{"line":93,"column":21},"end":{"line":93,"column":35}},"26":{"start":{"line":94,"column":25},"end":{"line":94,"column":27}},"27":{"start":{"line":95,"column":22},"end":{"line":95,"column":38}},"28":{"start":{"line":96,"column":22},"end":{"line":96,"column":27}},"29":{"start":{"line":106,"column":4},"end":{"line":108,"column":5}},"30":{"start":{"line":107,"column":6},"end":{"line":107,"column":47}},"31":{"start":{"line":118,"column":4},"end":{"line":120,"column":5}},"32":{"start":{"line":119,"column":6},"end":{"line":119,"column":232}},"33":{"start":{"line":122,"column":4},"end":{"line":122,"column":24}},"34":{"start":{"line":150,"column":4},"end":{"line":152,"column":5}},"35":{"start":{"line":151,"column":6},"end":{"line":151,"column":65}},"36":{"start":{"line":154,"column":4},"end":{"line":156,"column":5}},"37":{"start":{"line":155,"column":6},"end":{"line":155,"column":356}},"38":{"start":{"line":158,"column":23},"end":{"line":158,"column":27}},"39":{"start":{"line":159,"column":4},"end":{"line":159,"column":35}},"40":{"start":{"line":160,"column":4},"end":{"line":160,"column":33}},"41":{"start":{"line":161,"column":4},"end":{"line":174,"column":6}},"42":{"start":{"line":162,"column":6},"end":{"line":164,"column":7}},"43":{"start":{"line":163,"column":8},"end":{"line":163,"column":15}},"44":{"start":{"line":166,"column":6},"end":{"line":168,"column":7}},"45":{"start":{"line":167,"column":8},"end":{"line":167,"column":193}},"46":{"start":{"line":170,"column":6},"end":{"line":170,"column":27}},"47":{"start":{"line":171,"column":6},"end":{"line":171,"column":37}},"48":{"start":{"line":172,"column":18},"end":{"line":172,"column":49}},"49":{"start":{"line":173,"column":6},"end":{"line":173,"column":37}},"50":{"start":{"line":204,"column":4},"end":{"line":206,"column":5}},"51":{"start":{"line":205,"column":6},"end":{"line":205,"column":102}},"52":{"start":{"line":208,"column":4},"end":{"line":210,"column":5}},"53":{"start":{"line":209,"column":6},"end":{"line":209,"column":113}},"54":{"start":{"line":212,"column":4},"end":{"line":214,"column":5}},"55":{"start":{"line":213,"column":6},"end":{"line":213,"column":60}},"56":{"start":{"line":216,"column":4},"end":{"line":221,"column":5}},"57":{"start":{"line":217,"column":6},"end":{"line":217,"column":27}},"58":{"start":{"line":218,"column":6},"end":{"line":218,"column":58}},"59":{"start":{"line":220,"column":6},"end":{"line":220,"column":28}},"60":{"start":{"line":223,"column":20},"end":{"line":223,"column":52}},"61":{"start":{"line":225,"column":4},"end":{"line":228,"column":5}},"62":{"start":{"line":225,"column":17},"end":{"line":225,"column":18}},"63":{"start":{"line":226,"column":21},"end":{"line":226,"column":33}},"64":{"start":{"line":227,"column":6},"end":{"line":227,"column":17}},"65":{"start":{"line":230,"column":4},"end":{"line":230,"column":18}},"66":{"start":{"line":245,"column":4},"end":{"line":247,"column":5}},"67":{"start":{"line":246,"column":6},"end":{"line":246,"column":68}},"68":{"start":{"line":249,"column":4},"end":{"line":249,"column":33}},"69":{"start":{"line":254,"column":4},"end":{"line":256,"column":7}},"70":{"start":{"line":269,"column":25},"end":{"line":269,"column":34}},"71":{"start":{"line":270,"column":4},"end":{"line":298,"column":12}},"72":{"start":{"line":280,"column":8},"end":{"line":282,"column":9}},"73":{"start":{"line":281,"column":10},"end":{"line":281,"column":72}},"74":{"start":{"line":285,"column":10},"end":{"line":287,"column":11}},"75":{"start":{"line":286,"column":12},"end":{"line":286,"column":38}},"76":{"start":{"line":290,"column":8},"end":{"line":290,"column":23}},"77":{"start":{"line":291,"column":26},"end":{"line":291,"column":54}},"78":{"start":{"line":292,"column":8},"end":{"line":294,"column":10}},"79":{"start":{"line":297,"column":6},"end":{"line":297,"column":18}},"80":{"start":{"line":304,"column":2},"end":{"line":306,"column":5}},"81":{"start":{"line":307,"column":2},"end":{"line":312,"column":45}},"82":{"start":{"line":323,"column":2},"end":{"line":325,"column":3}},"83":{"start":{"line":324,"column":4},"end":{"line":324,"column":27}},"84":{"start":{"line":329,"column":2},"end":{"line":334,"column":16}},"85":{"start":{"line":333,"column":4},"end":{"line":333,"column":29}},"86":{"start":{"line":339,"column":19},"end":{"line":339,"column":40}},"87":{"start":{"line":340,"column":26},"end":{"line":340,"column":94}},"88":{"start":{"line":341,"column":2},"end":{"line":341,"column":251}},"89":{"start":{"line":345,"column":20},"end":{"line":345,"column":41}},"90":{"start":{"line":346,"column":21},"end":{"line":346,"column":156}},"91":{"start":{"line":348,"column":2},"end":{"line":350,"column":3}},"92":{"start":{"line":349,"column":4},"end":{"line":349,"column":144}},"93":{"start":{"line":352,"column":2},"end":{"line":354,"column":3}},"94":{"start":{"line":353,"column":4},"end":{"line":353,"column":233}},"95":{"start":{"line":356,"column":23},"end":{"line":358,"column":4}},"96":{"start":{"line":357,"column":4},"end":{"line":357,"column":69}},"97":{"start":{"line":359,"column":2},"end":{"line":361,"column":5}},"98":{"start":{"line":360,"column":4},"end":{"line":360,"column":35}},"99":{"start":{"line":362,"column":2},"end":{"line":362,"column":60}},"100":{"start":{"line":362,"column":53},"end":{"line":362,"column":60}},"101":{"start":{"line":364,"column":2},"end":{"line":366,"column":3}},"102":{"start":{"line":365,"column":4},"end":{"line":365,"column":294}},"103":{"start":{"line":370,"column":2},"end":{"line":385,"column":5}},"104":{"start":{"line":371,"column":18},"end":{"line":371,"column":31}},"105":{"start":{"line":372,"column":23},"end":{"line":374,"column":6}},"106":{"start":{"line":376,"column":4},"end":{"line":378,"column":5}},"107":{"start":{"line":377,"column":6},"end":{"line":377,"column":336}},"108":{"start":{"line":380,"column":4},"end":{"line":384,"column":5}},"109":{"start":{"line":383,"column":6},"end":{"line":383,"column":473}},"110":{"start":{"line":406,"column":20},"end":{"line":406,"column":41}},"111":{"start":{"line":407,"column":22},"end":{"line":407,"column":24}},"112":{"start":{"line":409,"column":2},"end":{"line":421,"column":3}},"113":{"start":{"line":409,"column":15},"end":{"line":409,"column":16}},"114":{"start":{"line":410,"column":14},"end":{"line":410,"column":28}},"115":{"start":{"line":412,"column":4},"end":{"line":416,"column":5}},"116":{"start":{"line":413,"column":6},"end":{"line":415,"column":7}},"117":{"start":{"line":414,"column":8},"end":{"line":414,"column":63}},"118":{"start":{"line":418,"column":4},"end":{"line":420,"column":5}},"119":{"start":{"line":419,"column":6},"end":{"line":419,"column":41}},"120":{"start":{"line":423,"column":25},"end":{"line":423,"column":51}},"121":{"start":{"line":428,"column":2},"end":{"line":430,"column":3}},"122":{"start":{"line":429,"column":4},"end":{"line":429,"column":28}},"123":{"start":{"line":434,"column":2},"end":{"line":438,"column":3}},"124":{"start":{"line":435,"column":4},"end":{"line":435,"column":38}},"125":{"start":{"line":437,"column":4},"end":{"line":437,"column":28}},"126":{"start":{"line":440,"column":2},"end":{"line":476,"column":4}},"127":{"start":{"line":441,"column":4},"end":{"line":443,"column":5}},"128":{"start":{"line":442,"column":6},"end":{"line":442,"column":17}},"129":{"start":{"line":445,"column":4},"end":{"line":447,"column":5}},"130":{"start":{"line":446,"column":6},"end":{"line":446,"column":32}},"131":{"start":{"line":449,"column":4},"end":{"line":455,"column":5}},"132":{"start":{"line":450,"column":27},"end":{"line":450,"column":114}},"133":{"start":{"line":452,"column":6},"end":{"line":454,"column":7}},"134":{"start":{"line":453,"column":8},"end":{"line":453,"column":32}},"135":{"start":{"line":457,"column":21},"end":{"line":457,"column":26}},"136":{"start":{"line":458,"column":20},"end":{"line":458,"column":22}},"137":{"start":{"line":460,"column":4},"end":{"line":473,"column":5}},"138":{"start":{"line":460,"column":18},"end":{"line":460,"column":19}},"139":{"start":{"line":461,"column":17},"end":{"line":461,"column":37}},"140":{"start":{"line":462,"column":20},"end":{"line":462,"column":39}},"141":{"start":{"line":463,"column":32},"end":{"line":463,"column":43}},"142":{"start":{"line":464,"column":28},"end":{"line":464,"column":64}},"143":{"start":{"line":466,"column":6},"end":{"line":469,"column":7}},"144":{"start":{"line":467,"column":27},"end":{"line":467,"column":70}},"145":{"start":{"line":468,"column":8},"end":{"line":468,"column":38}},"146":{"start":{"line":471,"column":6},"end":{"line":471,"column":40}},"147":{"start":{"line":472,"column":6},"end":{"line":472,"column":73}},"148":{"start":{"line":475,"column":4},"end":{"line":475,"column":42}},"149":{"start":{"line":480,"column":2},"end":{"line":482,"column":4}},"150":{"start":{"line":481,"column":4},"end":{"line":481,"column":58}},"151":{"start":{"line":508,"column":2},"end":{"line":510,"column":3}},"152":{"start":{"line":509,"column":4},"end":{"line":509,"column":55}},"153":{"start":{"line":512,"column":2},"end":{"line":514,"column":3}},"154":{"start":{"line":513,"column":4},"end":{"line":513,"column":259}},"155":{"start":{"line":516,"column":28},"end":{"line":516,"column":30}},"156":{"start":{"line":518,"column":2},"end":{"line":524,"column":3}},"157":{"start":{"line":519,"column":24},"end":{"line":519,"column":43}},"158":{"start":{"line":521,"column":4},"end":{"line":523,"column":5}},"159":{"start":{"line":522,"column":6},"end":{"line":522,"column":76}},"160":{"start":{"line":526,"column":2},"end":{"line":526,"column":29}},"161":{"start":{"line":530,"column":2},"end":{"line":539,"column":3}},"162":{"start":{"line":531,"column":4},"end":{"line":536,"column":7}},"163":{"start":{"line":538,"column":4},"end":{"line":538,"column":21}},"164":{"start":{"line":541,"column":2},"end":{"line":541,"column":13}},"165":{"start":{"line":545,"column":2},"end":{"line":558,"column":3}},"166":{"start":{"line":545,"column":15},"end":{"line":545,"column":16}},"167":{"start":{"line":546,"column":17},"end":{"line":546,"column":57}},"168":{"start":{"line":547,"column":18},"end":{"line":547,"column":37}},"169":{"start":{"line":549,"column":4},"end":{"line":553,"column":5}},"170":{"start":{"line":550,"column":6},"end":{"line":552,"column":10}},"171":{"start":{"line":551,"column":8},"end":{"line":551,"column":71}},"172":{"start":{"line":555,"column":4},"end":{"line":557,"column":7}},"173":{"start":{"line":556,"column":6},"end":{"line":556,"column":48}},"174":{"start":{"line":560,"column":2},"end":{"line":560,"column":16}},"175":{"start":{"line":574,"column":2},"end":{"line":576,"column":3}},"176":{"start":{"line":574,"column":18},"end":{"line":574,"column":34}},"177":{"start":{"line":574,"column":44},"end":{"line":574,"column":59}},"178":{"start":{"line":574,"column":68},"end":{"line":574,"column":69}},"179":{"start":{"line":575,"column":4},"end":{"line":575,"column":34}},"180":{"start":{"line":578,"column":2},"end":{"line":582,"column":3}},"181":{"start":{"line":579,"column":4},"end":{"line":581,"column":6}},"182":{"start":{"line":580,"column":6},"end":{"line":580,"column":17}},"183":{"start":{"line":584,"column":2},"end":{"line":586,"column":3}},"184":{"start":{"line":585,"column":4},"end":{"line":585,"column":20}},"185":{"start":{"line":588,"column":2},"end":{"line":592,"column":5}},"186":{"start":{"line":589,"column":4},"end":{"line":591,"column":6}},"187":{"start":{"line":590,"column":6},"end":{"line":590,"column":43}},"188":{"start":{"line":613,"column":2},"end":{"line":615,"column":3}},"189":{"start":{"line":613,"column":18},"end":{"line":613,"column":34}},"190":{"start":{"line":613,"column":50},"end":{"line":613,"column":65}},"191":{"start":{"line":613,"column":74},"end":{"line":613,"column":75}},"192":{"start":{"line":614,"column":4},"end":{"line":614,"column":40}},"193":{"start":{"line":617,"column":2},"end":{"line":639,"column":4}},"194":{"start":{"line":618,"column":4},"end":{"line":638,"column":6}},"195":{"start":{"line":619,"column":18},"end":{"line":619,"column":54}},"196":{"start":{"line":621,"column":22},"end":{"line":623,"column":7}},"197":{"start":{"line":622,"column":8},"end":{"line":622,"column":151}},"198":{"start":{"line":625,"column":26},"end":{"line":630,"column":7}},"199":{"start":{"line":628,"column":10},"end":{"line":628,"column":52}},"200":{"start":{"line":631,"column":18},"end":{"line":633,"column":8}},"201":{"start":{"line":632,"column":8},"end":{"line":632,"column":41}},"202":{"start":{"line":634,"column":6},"end":{"line":634,"column":63}},"203":{"start":{"line":635,"column":6},"end":{"line":637,"column":9}},"204":{"start":{"line":649,"column":0},"end":{"line":651,"column":1}},"205":{"start":{"line":650,"column":2},"end":{"line":650,"column":404}},"206":{"start":{"line":653,"column":0},"end":{"line":653,"column":48}},"207":{"start":{"line":654,"column":0},"end":{"line":654,"column":42}},"208":{"start":{"line":655,"column":0},"end":{"line":655,"column":48}},"209":{"start":{"line":656,"column":0},"end":{"line":656,"column":42}},"210":{"start":{"line":657,"column":0},"end":{"line":657,"column":26}},"211":{"start":{"line":658,"column":0},"end":{"line":658,"column":34}}},"fnMap":{"0":{"name":"_interopDefault","decl":{"start":{"line":5,"column":9},"end":{"line":5,"column":24}},"loc":{"start":{"line":5,"column":30},"end":{"line":5,"column":114}},"line":5},"1":{"name":"randomString","decl":{"start":{"line":15,"column":28},"end":{"line":15,"column":40}},"loc":{"start":{"line":15,"column":43},"end":{"line":17,"column":1}},"line":15},"2":{"name":"PROBE_UNKNOWN_ACTION","decl":{"start":{"line":22,"column":33},"end":{"line":22,"column":53}},"loc":{"start":{"line":22,"column":56},"end":{"line":24,"column":3}},"line":22},"3":{"name":"isPlainObject","decl":{"start":{"line":31,"column":9},"end":{"line":31,"column":22}},"loc":{"start":{"line":31,"column":28},"end":{"line":40,"column":1}},"line":31},"4":{"name":"createStore","decl":{"start":{"line":68,"column":9},"end":{"line":68,"column":20}},"loc":{"start":{"line":68,"column":56},"end":{"line":313,"column":1}},"line":68},"5":{"name":"ensureCanMutateNextListeners","decl":{"start":{"line":105,"column":11},"end":{"line":105,"column":39}},"loc":{"start":{"line":105,"column":42},"end":{"line":109,"column":3}},"line":105},"6":{"name":"getState","decl":{"start":{"line":117,"column":11},"end":{"line":117,"column":19}},"loc":{"start":{"line":117,"column":22},"end":{"line":123,"column":3}},"line":117},"7":{"name":"subscribe","decl":{"start":{"line":149,"column":11},"end":{"line":149,"column":20}},"loc":{"start":{"line":149,"column":31},"end":{"line":175,"column":3}},"line":149},"8":{"name":"unsubscribe","decl":{"start":{"line":161,"column":20},"end":{"line":161,"column":31}},"loc":{"start":{"line":161,"column":34},"end":{"line":174,"column":5}},"line":161},"9":{"name":"dispatch","decl":{"start":{"line":203,"column":11},"end":{"line":203,"column":19}},"loc":{"start":{"line":203,"column":28},"end":{"line":231,"column":3}},"line":203},"10":{"name":"replaceReducer","decl":{"start":{"line":244,"column":11},"end":{"line":244,"column":25}},"loc":{"start":{"line":244,"column":39},"end":{"line":257,"column":3}},"line":244},"11":{"name":"observable","decl":{"start":{"line":266,"column":11},"end":{"line":266,"column":21}},"loc":{"start":{"line":266,"column":24},"end":{"line":299,"column":3}},"line":266},"12":{"name":"subscribe","decl":{"start":{"line":279,"column":26},"end":{"line":279,"column":35}},"loc":{"start":{"line":279,"column":46},"end":{"line":295,"column":7}},"line":279},"13":{"name":"observeState","decl":{"start":{"line":284,"column":17},"end":{"line":284,"column":29}},"loc":{"start":{"line":284,"column":32},"end":{"line":288,"column":9}},"line":284},"14":{"name":"(anonymous_14)","decl":{"start":{"line":296,"column":28},"end":{"line":296,"column":29}},"loc":{"start":{"line":296,"column":40},"end":{"line":298,"column":5}},"line":296},"15":{"name":"warning","decl":{"start":{"line":321,"column":9},"end":{"line":321,"column":16}},"loc":{"start":{"line":321,"column":26},"end":{"line":336,"column":1}},"line":321},"16":{"name":"getUndefinedStateErrorMessage","decl":{"start":{"line":338,"column":9},"end":{"line":338,"column":38}},"loc":{"start":{"line":338,"column":52},"end":{"line":342,"column":1}},"line":338},"17":{"name":"getUnexpectedStateShapeWarningMessage","decl":{"start":{"line":344,"column":9},"end":{"line":344,"column":46}},"loc":{"start":{"line":344,"column":97},"end":{"line":367,"column":1}},"line":344},"18":{"name":"(anonymous_18)","decl":{"start":{"line":356,"column":54},"end":{"line":356,"column":55}},"loc":{"start":{"line":356,"column":69},"end":{"line":358,"column":3}},"line":356},"19":{"name":"(anonymous_19)","decl":{"start":{"line":359,"column":25},"end":{"line":359,"column":26}},"loc":{"start":{"line":359,"column":40},"end":{"line":361,"column":3}},"line":359},"20":{"name":"assertReducerShape","decl":{"start":{"line":369,"column":9},"end":{"line":369,"column":27}},"loc":{"start":{"line":369,"column":38},"end":{"line":386,"column":1}},"line":369},"21":{"name":"(anonymous_21)","decl":{"start":{"line":370,"column":32},"end":{"line":370,"column":33}},"loc":{"start":{"line":370,"column":47},"end":{"line":385,"column":3}},"line":370},"22":{"name":"combineReducers","decl":{"start":{"line":405,"column":9},"end":{"line":405,"column":24}},"loc":{"start":{"line":405,"column":35},"end":{"line":477,"column":1}},"line":405},"23":{"name":"combination","decl":{"start":{"line":440,"column":18},"end":{"line":440,"column":29}},"loc":{"start":{"line":440,"column":45},"end":{"line":476,"column":3}},"line":440},"24":{"name":"bindActionCreator","decl":{"start":{"line":479,"column":9},"end":{"line":479,"column":26}},"loc":{"start":{"line":479,"column":52},"end":{"line":483,"column":1}},"line":479},"25":{"name":"(anonymous_25)","decl":{"start":{"line":480,"column":9},"end":{"line":480,"column":10}},"loc":{"start":{"line":480,"column":21},"end":{"line":482,"column":3}},"line":480},"26":{"name":"bindActionCreators","decl":{"start":{"line":507,"column":9},"end":{"line":507,"column":27}},"loc":{"start":{"line":507,"column":54},"end":{"line":527,"column":1}},"line":507},"27":{"name":"_defineProperty","decl":{"start":{"line":529,"column":9},"end":{"line":529,"column":24}},"loc":{"start":{"line":529,"column":42},"end":{"line":542,"column":1}},"line":529},"28":{"name":"_objectSpread","decl":{"start":{"line":544,"column":9},"end":{"line":544,"column":22}},"loc":{"start":{"line":544,"column":31},"end":{"line":561,"column":1}},"line":544},"29":{"name":"(anonymous_29)","decl":{"start":{"line":550,"column":75},"end":{"line":550,"column":76}},"loc":{"start":{"line":550,"column":90},"end":{"line":552,"column":7}},"line":550},"30":{"name":"(anonymous_30)","decl":{"start":{"line":555,"column":20},"end":{"line":555,"column":21}},"loc":{"start":{"line":555,"column":35},"end":{"line":557,"column":5}},"line":555},"31":{"name":"compose","decl":{"start":{"line":573,"column":9},"end":{"line":573,"column":16}},"loc":{"start":{"line":573,"column":19},"end":{"line":593,"column":1}},"line":573},"32":{"name":"(anonymous_32)","decl":{"start":{"line":579,"column":11},"end":{"line":579,"column":12}},"loc":{"start":{"line":579,"column":26},"end":{"line":581,"column":5}},"line":579},"33":{"name":"(anonymous_33)","decl":{"start":{"line":588,"column":22},"end":{"line":588,"column":23}},"loc":{"start":{"line":588,"column":38},"end":{"line":592,"column":3}},"line":588},"34":{"name":"(anonymous_34)","decl":{"start":{"line":589,"column":11},"end":{"line":589,"column":12}},"loc":{"start":{"line":589,"column":23},"end":{"line":591,"column":5}},"line":589},"35":{"name":"applyMiddleware","decl":{"start":{"line":612,"column":9},"end":{"line":612,"column":24}},"loc":{"start":{"line":612,"column":27},"end":{"line":640,"column":1}},"line":612},"36":{"name":"(anonymous_36)","decl":{"start":{"line":617,"column":9},"end":{"line":617,"column":10}},"loc":{"start":{"line":617,"column":32},"end":{"line":639,"column":3}},"line":617},"37":{"name":"(anonymous_37)","decl":{"start":{"line":618,"column":11},"end":{"line":618,"column":12}},"loc":{"start":{"line":618,"column":23},"end":{"line":638,"column":5}},"line":618},"38":{"name":"dispatch","decl":{"start":{"line":621,"column":31},"end":{"line":621,"column":39}},"loc":{"start":{"line":621,"column":42},"end":{"line":623,"column":7}},"line":621},"39":{"name":"dispatch","decl":{"start":{"line":627,"column":27},"end":{"line":627,"column":35}},"loc":{"start":{"line":627,"column":38},"end":{"line":629,"column":9}},"line":627},"40":{"name":"(anonymous_40)","decl":{"start":{"line":631,"column":34},"end":{"line":631,"column":35}},"loc":{"start":{"line":631,"column":56},"end":{"line":633,"column":7}},"line":631},"41":{"name":"isCrushed","decl":{"start":{"line":647,"column":9},"end":{"line":647,"column":18}},"loc":{"start":{"line":647,"column":21},"end":{"line":647,"column":23}},"line":647}},"branchMap":{"0":{"loc":{"start":{"line":5,"column":39},"end":{"line":5,"column":111}},"type":"cond-expr","locations":[{"start":{"line":5,"column":93},"end":{"line":5,"column":106}},{"start":{"line":5,"column":109},"end":{"line":5,"column":111}}],"line":5},"1":{"loc":{"start":{"line":5,"column":40},"end":{"line":5,"column":89}},"type":"binary-expr","locations":[{"start":{"line":5,"column":40},"end":{"line":5,"column":42}},{"start":{"line":5,"column":47},"end":{"line":5,"column":69}},{"start":{"line":5,"column":74},"end":{"line":5,"column":89}}],"line":5},"2":{"loc":{"start":{"line":32,"column":2},"end":{"line":32,"column":60}},"type":"if","locations":[{"start":{"line":32,"column":2},"end":{"line":32,"column":60}},{"start":{"line":32,"column":2},"end":{"line":32,"column":60}}],"line":32},"3":{"loc":{"start":{"line":32,"column":6},"end":{"line":32,"column":45}},"type":"binary-expr","locations":[{"start":{"line":32,"column":6},"end":{"line":32,"column":29}},{"start":{"line":32,"column":33},"end":{"line":32,"column":45}}],"line":32},"4":{"loc":{"start":{"line":71,"column":2},"end":{"line":73,"column":3}},"type":"if","locations":[{"start":{"line":71,"column":2},"end":{"line":73,"column":3}},{"start":{"line":71,"column":2},"end":{"line":73,"column":3}}],"line":71},"5":{"loc":{"start":{"line":71,"column":6},"end":{"line":71,"column":148}},"type":"binary-expr","locations":[{"start":{"line":71,"column":6},"end":{"line":71,"column":42}},{"start":{"line":71,"column":46},"end":{"line":71,"column":76}},{"start":{"line":71,"column":80},"end":{"line":71,"column":110}},{"start":{"line":71,"column":114},"end":{"line":71,"column":148}}],"line":71},"6":{"loc":{"start":{"line":75,"column":2},"end":{"line":78,"column":3}},"type":"if","locations":[{"start":{"line":75,"column":2},"end":{"line":78,"column":3}},{"start":{"line":75,"column":2},"end":{"line":78,"column":3}}],"line":75},"7":{"loc":{"start":{"line":75,"column":6},"end":{"line":75,"column":77}},"type":"binary-expr","locations":[{"start":{"line":75,"column":6},"end":{"line":75,"column":42}},{"start":{"line":75,"column":46},"end":{"line":75,"column":77}}],"line":75},"8":{"loc":{"start":{"line":80,"column":2},"end":{"line":86,"column":3}},"type":"if","locations":[{"start":{"line":80,"column":2},"end":{"line":86,"column":3}},{"start":{"line":80,"column":2},"end":{"line":86,"column":3}}],"line":80},"9":{"loc":{"start":{"line":81,"column":4},"end":{"line":83,"column":5}},"type":"if","locations":[{"start":{"line":81,"column":4},"end":{"line":83,"column":5}},{"start":{"line":81,"column":4},"end":{"line":83,"column":5}}],"line":81},"10":{"loc":{"start":{"line":88,"column":2},"end":{"line":90,"column":3}},"type":"if","locations":[{"start":{"line":88,"column":2},"end":{"line":90,"column":3}},{"start":{"line":88,"column":2},"end":{"line":90,"column":3}}],"line":88},"11":{"loc":{"start":{"line":106,"column":4},"end":{"line":108,"column":5}},"type":"if","locations":[{"start":{"line":106,"column":4},"end":{"line":108,"column":5}},{"start":{"line":106,"column":4},"end":{"line":108,"column":5}}],"line":106},"12":{"loc":{"start":{"line":118,"column":4},"end":{"line":120,"column":5}},"type":"if","locations":[{"start":{"line":118,"column":4},"end":{"line":120,"column":5}},{"start":{"line":118,"column":4},"end":{"line":120,"column":5}}],"line":118},"13":{"loc":{"start":{"line":150,"column":4},"end":{"line":152,"column":5}},"type":"if","locations":[{"start":{"line":150,"column":4},"end":{"line":152,"column":5}},{"start":{"line":150,"column":4},"end":{"line":152,"column":5}}],"line":150},"14":{"loc":{"start":{"line":154,"column":4},"end":{"line":156,"column":5}},"type":"if","locations":[{"start":{"line":154,"column":4},"end":{"line":156,"column":5}},{"start":{"line":154,"column":4},"end":{"line":156,"column":5}}],"line":154},"15":{"loc":{"start":{"line":162,"column":6},"end":{"line":164,"column":7}},"type":"if","locations":[{"start":{"line":162,"column":6},"end":{"line":164,"column":7}},{"start":{"line":162,"column":6},"end":{"line":164,"column":7}}],"line":162},"16":{"loc":{"start":{"line":166,"column":6},"end":{"line":168,"column":7}},"type":"if","locations":[{"start":{"line":166,"column":6},"end":{"line":168,"column":7}},{"start":{"line":166,"column":6},"end":{"line":168,"column":7}}],"line":166},"17":{"loc":{"start":{"line":204,"column":4},"end":{"line":206,"column":5}},"type":"if","locations":[{"start":{"line":204,"column":4},"end":{"line":206,"column":5}},{"start":{"line":204,"column":4},"end":{"line":206,"column":5}}],"line":204},"18":{"loc":{"start":{"line":208,"column":4},"end":{"line":210,"column":5}},"type":"if","locations":[{"start":{"line":208,"column":4},"end":{"line":210,"column":5}},{"start":{"line":208,"column":4},"end":{"line":210,"column":5}}],"line":208},"19":{"loc":{"start":{"line":212,"column":4},"end":{"line":214,"column":5}},"type":"if","locations":[{"start":{"line":212,"column":4},"end":{"line":214,"column":5}},{"start":{"line":212,"column":4},"end":{"line":214,"column":5}}],"line":212},"20":{"loc":{"start":{"line":245,"column":4},"end":{"line":247,"column":5}},"type":"if","locations":[{"start":{"line":245,"column":4},"end":{"line":247,"column":5}},{"start":{"line":245,"column":4},"end":{"line":247,"column":5}}],"line":245},"21":{"loc":{"start":{"line":280,"column":8},"end":{"line":282,"column":9}},"type":"if","locations":[{"start":{"line":280,"column":8},"end":{"line":282,"column":9}},{"start":{"line":280,"column":8},"end":{"line":282,"column":9}}],"line":280},"22":{"loc":{"start":{"line":280,"column":12},"end":{"line":280,"column":61}},"type":"binary-expr","locations":[{"start":{"line":280,"column":12},"end":{"line":280,"column":40}},{"start":{"line":280,"column":44},"end":{"line":280,"column":61}}],"line":280},"23":{"loc":{"start":{"line":285,"column":10},"end":{"line":287,"column":11}},"type":"if","locations":[{"start":{"line":285,"column":10},"end":{"line":287,"column":11}},{"start":{"line":285,"column":10},"end":{"line":287,"column":11}}],"line":285},"24":{"loc":{"start":{"line":323,"column":2},"end":{"line":325,"column":3}},"type":"if","locations":[{"start":{"line":323,"column":2},"end":{"line":325,"column":3}},{"start":{"line":323,"column":2},"end":{"line":325,"column":3}}],"line":323},"25":{"loc":{"start":{"line":323,"column":6},"end":{"line":323,"column":75}},"type":"binary-expr","locations":[{"start":{"line":323,"column":6},"end":{"line":323,"column":36}},{"start":{"line":323,"column":40},"end":{"line":323,"column":75}}],"line":323},"26":{"loc":{"start":{"line":339,"column":19},"end":{"line":339,"column":40}},"type":"binary-expr","locations":[{"start":{"line":339,"column":19},"end":{"line":339,"column":25}},{"start":{"line":339,"column":29},"end":{"line":339,"column":40}}],"line":339},"27":{"loc":{"start":{"line":340,"column":26},"end":{"line":340,"column":94}},"type":"binary-expr","locations":[{"start":{"line":340,"column":26},"end":{"line":340,"column":36}},{"start":{"line":340,"column":40},"end":{"line":340,"column":79}},{"start":{"line":340,"column":83},"end":{"line":340,"column":94}}],"line":340},"28":{"loc":{"start":{"line":346,"column":21},"end":{"line":346,"column":156}},"type":"cond-expr","locations":[{"start":{"line":346,"column":66},"end":{"line":346,"column":113}},{"start":{"line":346,"column":116},"end":{"line":346,"column":156}}],"line":346},"29":{"loc":{"start":{"line":346,"column":21},"end":{"line":346,"column":63}},"type":"binary-expr","locations":[{"start":{"line":346,"column":21},"end":{"line":346,"column":27}},{"start":{"line":346,"column":31},"end":{"line":346,"column":63}}],"line":346},"30":{"loc":{"start":{"line":348,"column":2},"end":{"line":350,"column":3}},"type":"if","locations":[{"start":{"line":348,"column":2},"end":{"line":350,"column":3}},{"start":{"line":348,"column":2},"end":{"line":350,"column":3}}],"line":348},"31":{"loc":{"start":{"line":352,"column":2},"end":{"line":354,"column":3}},"type":"if","locations":[{"start":{"line":352,"column":2},"end":{"line":354,"column":3}},{"start":{"line":352,"column":2},"end":{"line":354,"column":3}}],"line":352},"32":{"loc":{"start":{"line":357,"column":11},"end":{"line":357,"column":68}},"type":"binary-expr","locations":[{"start":{"line":357,"column":11},"end":{"line":357,"column":40}},{"start":{"line":357,"column":44},"end":{"line":357,"column":68}}],"line":357},"33":{"loc":{"start":{"line":362,"column":2},"end":{"line":362,"column":60}},"type":"if","locations":[{"start":{"line":362,"column":2},"end":{"line":362,"column":60}},{"start":{"line":362,"column":2},"end":{"line":362,"column":60}}],"line":362},"34":{"loc":{"start":{"line":362,"column":6},"end":{"line":362,"column":51}},"type":"binary-expr","locations":[{"start":{"line":362,"column":6},"end":{"line":362,"column":12}},{"start":{"line":362,"column":16},"end":{"line":362,"column":51}}],"line":362},"35":{"loc":{"start":{"line":364,"column":2},"end":{"line":366,"column":3}},"type":"if","locations":[{"start":{"line":364,"column":2},"end":{"line":366,"column":3}},{"start":{"line":364,"column":2},"end":{"line":366,"column":3}}],"line":364},"36":{"loc":{"start":{"line":365,"column":28},"end":{"line":365,"column":70}},"type":"cond-expr","locations":[{"start":{"line":365,"column":56},"end":{"line":365,"column":62}},{"start":{"line":365,"column":65},"end":{"line":365,"column":70}}],"line":365},"37":{"loc":{"start":{"line":376,"column":4},"end":{"line":378,"column":5}},"type":"if","locations":[{"start":{"line":376,"column":4},"end":{"line":378,"column":5}},{"start":{"line":376,"column":4},"end":{"line":378,"column":5}}],"line":376},"38":{"loc":{"start":{"line":380,"column":4},"end":{"line":384,"column":5}},"type":"if","locations":[{"start":{"line":380,"column":4},"end":{"line":384,"column":5}},{"start":{"line":380,"column":4},"end":{"line":384,"column":5}}],"line":380},"39":{"loc":{"start":{"line":412,"column":4},"end":{"line":416,"column":5}},"type":"if","locations":[{"start":{"line":412,"column":4},"end":{"line":416,"column":5}},{"start":{"line":412,"column":4},"end":{"line":416,"column":5}}],"line":412},"40":{"loc":{"start":{"line":413,"column":6},"end":{"line":415,"column":7}},"type":"if","locations":[{"start":{"line":413,"column":6},"end":{"line":415,"column":7}},{"start":{"line":413,"column":6},"end":{"line":415,"column":7}}],"line":413},"41":{"loc":{"start":{"line":418,"column":4},"end":{"line":420,"column":5}},"type":"if","locations":[{"start":{"line":418,"column":4},"end":{"line":420,"column":5}},{"start":{"line":418,"column":4},"end":{"line":420,"column":5}}],"line":418},"42":{"loc":{"start":{"line":428,"column":2},"end":{"line":430,"column":3}},"type":"if","locations":[{"start":{"line":428,"column":2},"end":{"line":430,"column":3}},{"start":{"line":428,"column":2},"end":{"line":430,"column":3}}],"line":428},"43":{"loc":{"start":{"line":441,"column":4},"end":{"line":443,"column":5}},"type":"if","locations":[{"start":{"line":441,"column":4},"end":{"line":443,"column":5}},{"start":{"line":441,"column":4},"end":{"line":443,"column":5}}],"line":441},"44":{"loc":{"start":{"line":445,"column":4},"end":{"line":447,"column":5}},"type":"if","locations":[{"start":{"line":445,"column":4},"end":{"line":447,"column":5}},{"start":{"line":445,"column":4},"end":{"line":447,"column":5}}],"line":445},"45":{"loc":{"start":{"line":449,"column":4},"end":{"line":455,"column":5}},"type":"if","locations":[{"start":{"line":449,"column":4},"end":{"line":455,"column":5}},{"start":{"line":449,"column":4},"end":{"line":455,"column":5}}],"line":449},"46":{"loc":{"start":{"line":452,"column":6},"end":{"line":454,"column":7}},"type":"if","locations":[{"start":{"line":452,"column":6},"end":{"line":454,"column":7}},{"start":{"line":452,"column":6},"end":{"line":454,"column":7}}],"line":452},"47":{"loc":{"start":{"line":466,"column":6},"end":{"line":469,"column":7}},"type":"if","locations":[{"start":{"line":466,"column":6},"end":{"line":469,"column":7}},{"start":{"line":466,"column":6},"end":{"line":469,"column":7}}],"line":466},"48":{"loc":{"start":{"line":472,"column":19},"end":{"line":472,"column":72}},"type":"binary-expr","locations":[{"start":{"line":472,"column":19},"end":{"line":472,"column":29}},{"start":{"line":472,"column":33},"end":{"line":472,"column":72}}],"line":472},"49":{"loc":{"start":{"line":475,"column":11},"end":{"line":475,"column":41}},"type":"cond-expr","locations":[{"start":{"line":475,"column":24},"end":{"line":475,"column":33}},{"start":{"line":475,"column":36},"end":{"line":475,"column":41}}],"line":475},"50":{"loc":{"start":{"line":508,"column":2},"end":{"line":510,"column":3}},"type":"if","locations":[{"start":{"line":508,"column":2},"end":{"line":510,"column":3}},{"start":{"line":508,"column":2},"end":{"line":510,"column":3}}],"line":508},"51":{"loc":{"start":{"line":512,"column":2},"end":{"line":514,"column":3}},"type":"if","locations":[{"start":{"line":512,"column":2},"end":{"line":514,"column":3}},{"start":{"line":512,"column":2},"end":{"line":514,"column":3}}],"line":512},"52":{"loc":{"start":{"line":512,"column":6},"end":{"line":512,"column":67}},"type":"binary-expr","locations":[{"start":{"line":512,"column":6},"end":{"line":512,"column":40}},{"start":{"line":512,"column":44},"end":{"line":512,"column":67}}],"line":512},"53":{"loc":{"start":{"line":513,"column":96},"end":{"line":513,"column":152}},"type":"cond-expr","locations":[{"start":{"line":513,"column":122},"end":{"line":513,"column":128}},{"start":{"line":513,"column":131},"end":{"line":513,"column":152}}],"line":513},"54":{"loc":{"start":{"line":521,"column":4},"end":{"line":523,"column":5}},"type":"if","locations":[{"start":{"line":521,"column":4},"end":{"line":523,"column":5}},{"start":{"line":521,"column":4},"end":{"line":523,"column":5}}],"line":521},"55":{"loc":{"start":{"line":530,"column":2},"end":{"line":539,"column":3}},"type":"if","locations":[{"start":{"line":530,"column":2},"end":{"line":539,"column":3}},{"start":{"line":530,"column":2},"end":{"line":539,"column":3}}],"line":530},"56":{"loc":{"start":{"line":546,"column":17},"end":{"line":546,"column":57}},"type":"cond-expr","locations":[{"start":{"line":546,"column":40},"end":{"line":546,"column":52}},{"start":{"line":546,"column":55},"end":{"line":546,"column":57}}],"line":546},"57":{"loc":{"start":{"line":549,"column":4},"end":{"line":553,"column":5}},"type":"if","locations":[{"start":{"line":549,"column":4},"end":{"line":553,"column":5}},{"start":{"line":549,"column":4},"end":{"line":553,"column":5}}],"line":549},"58":{"loc":{"start":{"line":578,"column":2},"end":{"line":582,"column":3}},"type":"if","locations":[{"start":{"line":578,"column":2},"end":{"line":582,"column":3}},{"start":{"line":578,"column":2},"end":{"line":582,"column":3}}],"line":578},"59":{"loc":{"start":{"line":584,"column":2},"end":{"line":586,"column":3}},"type":"if","locations":[{"start":{"line":584,"column":2},"end":{"line":586,"column":3}},{"start":{"line":584,"column":2},"end":{"line":586,"column":3}}],"line":584},"60":{"loc":{"start":{"line":649,"column":0},"end":{"line":651,"column":1}},"type":"if","locations":[{"start":{"line":649,"column":0},"end":{"line":651,"column":1}},{"start":{"line":649,"column":0},"end":{"line":651,"column":1}}],"line":649},"61":{"loc":{"start":{"line":649,"column":4},"end":{"line":649,"column":113}},"type":"binary-expr","locations":[{"start":{"line":649,"column":4},"end":{"line":649,"column":41}},{"start":{"line":649,"column":45},"end":{"line":649,"column":79}},{"start":{"line":649,"column":83},"end":{"line":649,"column":113}}],"line":649}},"s":{"0":5,"1":5,"2":5,"3":5,"4":61,"5":5,"6":51,"7":176,"8":6,"9":170,"10":170,"11":171,"12":170,"13":71,"14":2,"15":69,"16":3,"17":3,"18":69,"19":9,"20":4,"21":5,"22":60,"23":3,"24":57,"25":57,"26":57,"27":57,"28":57,"29":41,"30":27,"31":36,"32":1,"33":35,"34":34,"35":4,"36":30,"37":1,"38":29,"39":29,"40":29,"41":29,"42":15,"43":2,"44":13,"45":1,"46":12,"47":12,"48":12,"49":12,"50":127,"51":5,"52":122,"53":2,"54":120,"55":1,"56":119,"57":119,"58":119,"59":119,"60":114,"61":114,"62":114,"63":37,"64":37,"65":114,"66":5,"67":1,"68":4,"69":4,"70":6,"71":6,"72":8,"73":3,"74":9,"75":7,"76":5,"77":5,"78":5,"79":0,"80":57,"81":57,"82":11,"83":11,"84":11,"85":11,"86":3,"87":3,"88":3,"89":50,"90":50,"91":50,"92":1,"93":49,"94":2,"95":47,"96":70,"97":47,"98":10,"99":47,"100":2,"101":45,"102":6,"103":25,"104":53,"105":53,"106":52,"107":1,"108":51,"109":1,"110":25,"111":25,"112":25,"113":25,"114":58,"115":58,"116":58,"117":2,"118":58,"119":53,"120":25,"121":25,"122":25,"123":25,"124":25,"125":3,"126":25,"127":53,"128":15,"129":53,"130":3,"131":50,"132":50,"133":50,"134":9,"135":50,"136":50,"137":50,"138":50,"139":98,"140":98,"141":98,"142":98,"143":98,"144":3,"145":3,"146":95,"147":95,"148":47,"149":20,"150":3,"151":7,"152":2,"153":5,"154":3,"155":2,"156":2,"157":23,"158":23,"159":18,"160":2,"161":24,"162":4,"163":20,"164":24,"165":4,"166":4,"167":8,"168":8,"169":8,"170":8,"171":4,"172":8,"173":24,"174":4,"175":20,"176":20,"177":20,"178":20,"179":40,"180":20,"181":3,"182":3,"183":17,"184":3,"185":14,"186":23,"187":18,"188":5,"189":5,"190":5,"191":5,"192":8,"193":5,"194":5,"195":5,"196":5,"197":1,"198":5,"199":5,"200":5,"201":8,"202":4,"203":4,"204":5,"205":0,"206":5,"207":5,"208":5,"209":5,"210":5,"211":5},"f":{"0":5,"1":61,"2":51,"3":176,"4":71,"5":41,"6":36,"7":34,"8":15,"9":127,"10":5,"11":6,"12":8,"13":9,"14":0,"15":11,"16":3,"17":50,"18":70,"19":10,"20":25,"21":53,"22":25,"23":53,"24":20,"25":3,"26":7,"27":24,"28":4,"29":4,"30":24,"31":20,"32":3,"33":23,"34":18,"35":5,"36":5,"37":5,"38":1,"39":5,"40":8,"41":0},"b":{"0":[5,0],"1":[5,5,5],"2":[6,170],"3":[176,171],"4":[2,69],"5":[71,4,70,3],"6":[3,66],"7":[69,3],"8":[9,60],"9":[4,5],"10":[3,57],"11":[27,14],"12":[1,35],"13":[4,30],"14":[1,29],"15":[2,13],"16":[1,12],"17":[5,122],"18":[2,120],"19":[1,119],"20":[1,4],"21":[3,5],"22":[8,6],"23":[7,2],"24":[11,0],"25":[11,11],"26":[3,2],"27":[3,1,2],"28":[12,38],"29":[50,42],"30":[1,49],"31":[2,47],"32":[70,21],"33":[2,45],"34":[47,41],"35":[6,39],"36":[2,4],"37":[1,51],"38":[1,50],"39":[58,0],"40":[2,56],"41":[53,5],"42":[25,0],"43":[15,38],"44":[3,50],"45":[50,0],"46":[9,41],"47":[3,95],"48":[95,64],"49":[34,13],"50":[2,5],"51":[3,2],"52":[5,3],"53":[1,2],"54":[18,5],"55":[4,20],"56":[8,0],"57":[8,0],"58":[3,17],"59":[3,14],"60":[0,5],"61":[5,5,5]},"_coverageSchema":"43e27e138ebf9cfc5966b082cf9a028302ed4184","hash":"80c25ba4249f1b8a51c9c02204f773daaa44518c"}
,"C:\\Users\\venkatamahesha\\Desktop\\reactlint\\src\\utils\\isPlainObject.js": {"path":"C:\\Users\\venkatamahesha\\Desktop\\reactlint\\src\\utils\\isPlainObject.js","statementMap":{"0":{"start":{"line":6,"column":2},"end":{"line":6,"column":59}},"1":{"start":{"line":6,"column":47},"end":{"line":6,"column":59}},"2":{"start":{"line":8,"column":14},"end":{"line":8,"column":17}},"3":{"start":{"line":9,"column":2},"end":{"line":11,"column":3}},"4":{"start":{"line":10,"column":4},"end":{"line":10,"column":40}},"5":{"start":{"line":13,"column":2},"end":{"line":13,"column":45}}},"fnMap":{"0":{"name":"isPlainObject","decl":{"start":{"line":5,"column":24},"end":{"line":5,"column":37}},"loc":{"start":{"line":5,"column":43},"end":{"line":14,"column":1}},"line":5}},"branchMap":{"0":{"loc":{"start":{"line":6,"column":2},"end":{"line":6,"column":59}},"type":"if","locations":[{"start":{"line":6,"column":2},"end":{"line":6,"column":59}},{"start":{"line":6,"column":2},"end":{"line":6,"column":59}}],"line":6},"1":{"loc":{"start":{"line":6,"column":6},"end":{"line":6,"column":45}},"type":"binary-expr","locations":[{"start":{"line":6,"column":6},"end":{"line":6,"column":29}},{"start":{"line":6,"column":33},"end":{"line":6,"column":45}}],"line":6}},"s":{"0":7,"1":2,"2":5,"3":5,"4":8,"5":5},"f":{"0":7},"b":{"0":[2,5],"1":[7,6]},"_coverageSchema":"43e27e138ebf9cfc5966b082cf9a028302ed4184","hash":"de9944576d965a1d15816f159ddd0864cac9f54f"}
,"C:\\Users\\venkatamahesha\\Desktop\\reactlint\\src\\utils\\warning.js": {"path":"C:\\Users\\venkatamahesha\\Desktop\\reactlint\\src\\utils\\warning.js","statementMap":{"0":{"start":{"line":9,"column":2},"end":{"line":11,"column":3}},"1":{"start":{"line":10,"column":4},"end":{"line":10,"column":26}},"2":{"start":{"line":13,"column":2},"end":{"line":18,"column":16}},"3":{"start":{"line":17,"column":4},"end":{"line":17,"column":28}}},"fnMap":{"0":{"name":"warning","decl":{"start":{"line":7,"column":24},"end":{"line":7,"column":31}},"loc":{"start":{"line":7,"column":41},"end":{"line":19,"column":1}},"line":7}},"branchMap":{"0":{"loc":{"start":{"line":9,"column":2},"end":{"line":11,"column":3}},"type":"if","locations":[{"start":{"line":9,"column":2},"end":{"line":11,"column":3}},{"start":{"line":9,"column":2},"end":{"line":11,"column":3}}],"line":9},"1":{"loc":{"start":{"line":9,"column":6},"end":{"line":9,"column":75}},"type":"binary-expr","locations":[{"start":{"line":9,"column":6},"end":{"line":9,"column":36}},{"start":{"line":9,"column":40},"end":{"line":9,"column":75}}],"line":9}},"s":{"0":3,"1":1,"2":3,"3":3},"f":{"0":3},"b":{"0":[1,2],"1":[3,2]},"_coverageSchema":"43e27e138ebf9cfc5966b082cf9a028302ed4184","hash":"e2ec0a5dde4d142412b182194533c882fb1f6b44"}
,"C:\\Users\\venkatamahesha\\Desktop\\reactlint\\test\\helpers\\actionCreators.js": {"path":"C:\\Users\\venkatamahesha\\Desktop\\reactlint\\test\\helpers\\actionCreators.js","statementMap":{"0":{"start":{"line":12,"column":2},"end":{"line":12,"column":33}},"1":{"start":{"line":16,"column":2},"end":{"line":22,"column":5}},"2":{"start":{"line":17,"column":4},"end":{"line":22,"column":5}},"3":{"start":{"line":18,"column":6},"end":{"line":21,"column":8}},"4":{"start":{"line":19,"column":8},"end":{"line":19,"column":31}},"5":{"start":{"line":20,"column":8},"end":{"line":20,"column":17}},"6":{"start":{"line":26,"column":2},"end":{"line":30,"column":3}},"7":{"start":{"line":27,"column":4},"end":{"line":29,"column":5}},"8":{"start":{"line":28,"column":6},"end":{"line":28,"column":29}},"9":{"start":{"line":34,"column":2},"end":{"line":37,"column":3}},"10":{"start":{"line":41,"column":2},"end":{"line":44,"column":3}},"11":{"start":{"line":48,"column":2},"end":{"line":51,"column":3}},"12":{"start":{"line":55,"column":2},"end":{"line":58,"column":3}},"13":{"start":{"line":62,"column":2},"end":{"line":64,"column":3}},"14":{"start":{"line":68,"column":2},"end":{"line":70,"column":3}}},"fnMap":{"0":{"name":"addTodo","decl":{"start":{"line":11,"column":16},"end":{"line":11,"column":23}},"loc":{"start":{"line":11,"column":30},"end":{"line":13,"column":1}},"line":11},"1":{"name":"addTodoAsync","decl":{"start":{"line":15,"column":16},"end":{"line":15,"column":28}},"loc":{"start":{"line":15,"column":35},"end":{"line":23,"column":1}},"line":15},"2":{"name":"(anonymous_2)","decl":{"start":{"line":16,"column":9},"end":{"line":16,"column":10}},"loc":{"start":{"line":17,"column":4},"end":{"line":22,"column":5}},"line":17},"3":{"name":"(anonymous_3)","decl":{"start":{"line":17,"column":16},"end":{"line":17,"column":17}},"loc":{"start":{"line":18,"column":6},"end":{"line":21,"column":8}},"line":18},"4":{"name":"(anonymous_4)","decl":{"start":{"line":18,"column":19},"end":{"line":18,"column":20}},"loc":{"start":{"line":18,"column":25},"end":{"line":21,"column":7}},"line":18},"5":{"name":"addTodoIfEmpty","decl":{"start":{"line":25,"column":16},"end":{"line":25,"column":30}},"loc":{"start":{"line":25,"column":37},"end":{"line":31,"column":1}},"line":25},"6":{"name":"(anonymous_6)","decl":{"start":{"line":26,"column":9},"end":{"line":26,"column":10}},"loc":{"start":{"line":26,"column":33},"end":{"line":30,"column":3}},"line":26},"7":{"name":"dispatchInMiddle","decl":{"start":{"line":33,"column":16},"end":{"line":33,"column":32}},"loc":{"start":{"line":33,"column":50},"end":{"line":38,"column":1}},"line":33},"8":{"name":"getStateInMiddle","decl":{"start":{"line":40,"column":16},"end":{"line":40,"column":32}},"loc":{"start":{"line":40,"column":50},"end":{"line":45,"column":1}},"line":40},"9":{"name":"subscribeInMiddle","decl":{"start":{"line":47,"column":16},"end":{"line":47,"column":33}},"loc":{"start":{"line":47,"column":52},"end":{"line":52,"column":1}},"line":47},"10":{"name":"unsubscribeInMiddle","decl":{"start":{"line":54,"column":16},"end":{"line":54,"column":35}},"loc":{"start":{"line":54,"column":56},"end":{"line":59,"column":1}},"line":54},"11":{"name":"throwError","decl":{"start":{"line":61,"column":16},"end":{"line":61,"column":26}},"loc":{"start":{"line":61,"column":29},"end":{"line":65,"column":1}},"line":61},"12":{"name":"unknownAction","decl":{"start":{"line":67,"column":16},"end":{"line":67,"column":29}},"loc":{"start":{"line":67,"column":32},"end":{"line":71,"column":1}},"line":67}},"branchMap":{"0":{"loc":{"start":{"line":27,"column":4},"end":{"line":29,"column":5}},"type":"if","locations":[{"start":{"line":27,"column":4},"end":{"line":29,"column":5}},{"start":{"line":27,"column":4},"end":{"line":29,"column":5}}],"line":27}},"s":{"0":22,"1":2,"2":2,"3":2,"4":2,"5":2,"6":2,"7":2,"8":1,"9":1,"10":1,"11":1,"12":1,"13":1,"14":22},"f":{"0":22,"1":2,"2":2,"3":2,"4":2,"5":2,"6":2,"7":1,"8":1,"9":1,"10":1,"11":1,"12":22},"b":{"0":[1,1]},"_coverageSchema":"43e27e138ebf9cfc5966b082cf9a028302ed4184","hash":"fad78d881223a0bb5266e356dd03c57366ba17ff"}
,"C:\\Users\\venkatamahesha\\Desktop\\reactlint\\test\\helpers\\actionTypes.js": {"path":"C:\\Users\\venkatamahesha\\Desktop\\reactlint\\test\\helpers\\actionTypes.js","statementMap":{"0":{"start":{"line":1,"column":24},"end":{"line":1,"column":34}},"1":{"start":{"line":2,"column":34},"end":{"line":2,"column":54}},"2":{"start":{"line":3,"column":35},"end":{"line":3,"column":56}},"3":{"start":{"line":4,"column":35},"end":{"line":4,"column":56}},"4":{"start":{"line":5,"column":37},"end":{"line":5,"column":60}},"5":{"start":{"line":6,"column":27},"end":{"line":6,"column":40}},"6":{"start":{"line":7,"column":30},"end":{"line":7,"column":46}}},"fnMap":{},"branchMap":{},"s":{"0":3,"1":3,"2":3,"3":3,"4":3,"5":3,"6":3},"f":{},"b":{},"_coverageSchema":"43e27e138ebf9cfc5966b082cf9a028302ed4184","hash":"55080f2de03b4f144eb9d4573af208f9cfcba9e8"}
,"C:\\Users\\venkatamahesha\\Desktop\\reactlint\\test\\helpers\\middleware.js": {"path":"C:\\Users\\venkatamahesha\\Desktop\\reactlint\\test\\helpers\\middleware.js","statementMap":{"0":{"start":{"line":2,"column":2},"end":{"line":3,"column":76}},"1":{"start":{"line":2,"column":17},"end":{"line":3,"column":76}},"2":{"start":{"line":3,"column":4},"end":{"line":3,"column":76}}},"fnMap":{"0":{"name":"thunk","decl":{"start":{"line":1,"column":16},"end":{"line":1,"column":21}},"loc":{"start":{"line":1,"column":46},"end":{"line":4,"column":1}},"line":1},"1":{"name":"(anonymous_1)","decl":{"start":{"line":2,"column":9},"end":{"line":2,"column":10}},"loc":{"start":{"line":2,"column":17},"end":{"line":3,"column":76}},"line":2},"2":{"name":"(anonymous_2)","decl":{"start":{"line":2,"column":17},"end":{"line":2,"column":18}},"loc":{"start":{"line":3,"column":4},"end":{"line":3,"column":76}},"line":3}},"branchMap":{"0":{"loc":{"start":{"line":3,"column":4},"end":{"line":3,"column":76}},"type":"cond-expr","locations":[{"start":{"line":3,"column":35},"end":{"line":3,"column":61}},{"start":{"line":3,"column":64},"end":{"line":3,"column":76}}],"line":3}},"s":{"0":3,"1":3,"2":10},"f":{"0":3,"1":3,"2":10},"b":{"0":[4,6]},"_coverageSchema":"43e27e138ebf9cfc5966b082cf9a028302ed4184","hash":"6f80cdce268366922af35825b08227f7f2cf20ff"}
,"C:\\Users\\venkatamahesha\\Desktop\\reactlint\\test\\helpers\\reducers.js": {"path":"C:\\Users\\venkatamahesha\\Desktop\\reactlint\\test\\helpers\\reducers.js","statementMap":{"0":{"start":{"line":11,"column":2},"end":{"line":13,"column":3}},"1":{"start":{"line":12,"column":36},"end":{"line":12,"column":71}},"2":{"start":{"line":17,"column":2},"end":{"line":28,"column":3}},"3":{"start":{"line":19,"column":6},"end":{"line":25,"column":7}},"4":{"start":{"line":27,"column":6},"end":{"line":27,"column":18}},"5":{"start":{"line":32,"column":2},"end":{"line":43,"column":3}},"6":{"start":{"line":34,"column":6},"end":{"line":40,"column":7}},"7":{"start":{"line":42,"column":6},"end":{"line":42,"column":18}},"8":{"start":{"line":47,"column":2},"end":{"line":53,"column":3}},"9":{"start":{"line":49,"column":6},"end":{"line":49,"column":30}},"10":{"start":{"line":50,"column":6},"end":{"line":50,"column":18}},"11":{"start":{"line":52,"column":6},"end":{"line":52,"column":18}},"12":{"start":{"line":57,"column":2},"end":{"line":63,"column":3}},"13":{"start":{"line":59,"column":6},"end":{"line":59,"column":30}},"14":{"start":{"line":60,"column":6},"end":{"line":60,"column":18}},"15":{"start":{"line":62,"column":6},"end":{"line":62,"column":18}},"16":{"start":{"line":67,"column":2},"end":{"line":73,"column":3}},"17":{"start":{"line":69,"column":6},"end":{"line":69,"column":31}},"18":{"start":{"line":70,"column":6},"end":{"line":70,"column":18}},"19":{"start":{"line":72,"column":6},"end":{"line":72,"column":18}},"20":{"start":{"line":77,"column":2},"end":{"line":83,"column":3}},"21":{"start":{"line":79,"column":6},"end":{"line":79,"column":33}},"22":{"start":{"line":80,"column":6},"end":{"line":80,"column":18}},"23":{"start":{"line":82,"column":6},"end":{"line":82,"column":18}},"24":{"start":{"line":87,"column":2},"end":{"line":92,"column":3}},"25":{"start":{"line":89,"column":6},"end":{"line":89,"column":23}},"26":{"start":{"line":91,"column":6},"end":{"line":91,"column":18}}},"fnMap":{"0":{"name":"id","decl":{"start":{"line":10,"column":9},"end":{"line":10,"column":11}},"loc":{"start":{"line":10,"column":24},"end":{"line":14,"column":1}},"line":10},"1":{"name":"(anonymous_1)","decl":{"start":{"line":12,"column":17},"end":{"line":12,"column":18}},"loc":{"start":{"line":12,"column":36},"end":{"line":12,"column":71}},"line":12},"2":{"name":"todos","decl":{"start":{"line":16,"column":16},"end":{"line":16,"column":21}},"loc":{"start":{"line":16,"column":42},"end":{"line":29,"column":1}},"line":16},"3":{"name":"todosReverse","decl":{"start":{"line":31,"column":16},"end":{"line":31,"column":28}},"loc":{"start":{"line":31,"column":49},"end":{"line":44,"column":1}},"line":31},"4":{"name":"dispatchInTheMiddleOfReducer","decl":{"start":{"line":46,"column":16},"end":{"line":46,"column":44}},"loc":{"start":{"line":46,"column":65},"end":{"line":54,"column":1}},"line":46},"5":{"name":"getStateInTheMiddleOfReducer","decl":{"start":{"line":56,"column":16},"end":{"line":56,"column":44}},"loc":{"start":{"line":56,"column":65},"end":{"line":64,"column":1}},"line":56},"6":{"name":"subscribeInTheMiddleOfReducer","decl":{"start":{"line":66,"column":16},"end":{"line":66,"column":45}},"loc":{"start":{"line":66,"column":66},"end":{"line":74,"column":1}},"line":66},"7":{"name":"unsubscribeInTheMiddleOfReducer","decl":{"start":{"line":76,"column":16},"end":{"line":76,"column":47}},"loc":{"start":{"line":76,"column":68},"end":{"line":84,"column":1}},"line":76},"8":{"name":"errorThrowingReducer","decl":{"start":{"line":86,"column":16},"end":{"line":86,"column":36}},"loc":{"start":{"line":86,"column":57},"end":{"line":93,"column":1}},"line":86}},"branchMap":{"0":{"loc":{"start":{"line":10,"column":12},"end":{"line":10,"column":22}},"type":"default-arg","locations":[{"start":{"line":10,"column":20},"end":{"line":10,"column":22}}],"line":10},"1":{"loc":{"start":{"line":12,"column":36},"end":{"line":12,"column":71}},"type":"cond-expr","locations":[{"start":{"line":12,"column":55},"end":{"line":12,"column":62}},{"start":{"line":12,"column":65},"end":{"line":12,"column":71}}],"line":12},"2":{"loc":{"start":{"line":16,"column":22},"end":{"line":16,"column":32}},"type":"default-arg","locations":[{"start":{"line":16,"column":30},"end":{"line":16,"column":32}}],"line":16},"3":{"loc":{"start":{"line":17,"column":2},"end":{"line":28,"column":3}},"type":"switch","locations":[{"start":{"line":18,"column":4},"end":{"line":25,"column":7}},{"start":{"line":26,"column":4},"end":{"line":27,"column":18}}],"line":17},"4":{"loc":{"start":{"line":31,"column":29},"end":{"line":31,"column":39}},"type":"default-arg","locations":[{"start":{"line":31,"column":37},"end":{"line":31,"column":39}}],"line":31},"5":{"loc":{"start":{"line":32,"column":2},"end":{"line":43,"column":3}},"type":"switch","locations":[{"start":{"line":33,"column":4},"end":{"line":40,"column":7}},{"start":{"line":41,"column":4},"end":{"line":42,"column":18}}],"line":32},"6":{"loc":{"start":{"line":46,"column":45},"end":{"line":46,"column":55}},"type":"default-arg","locations":[{"start":{"line":46,"column":53},"end":{"line":46,"column":55}}],"line":46},"7":{"loc":{"start":{"line":47,"column":2},"end":{"line":53,"column":3}},"type":"switch","locations":[{"start":{"line":48,"column":4},"end":{"line":50,"column":18}},{"start":{"line":51,"column":4},"end":{"line":52,"column":18}}],"line":47},"8":{"loc":{"start":{"line":56,"column":45},"end":{"line":56,"column":55}},"type":"default-arg","locations":[{"start":{"line":56,"column":53},"end":{"line":56,"column":55}}],"line":56},"9":{"loc":{"start":{"line":57,"column":2},"end":{"line":63,"column":3}},"type":"switch","locations":[{"start":{"line":58,"column":4},"end":{"line":60,"column":18}},{"start":{"line":61,"column":4},"end":{"line":62,"column":18}}],"line":57},"10":{"loc":{"start":{"line":66,"column":46},"end":{"line":66,"column":56}},"type":"default-arg","locations":[{"start":{"line":66,"column":54},"end":{"line":66,"column":56}}],"line":66},"11":{"loc":{"start":{"line":67,"column":2},"end":{"line":73,"column":3}},"type":"switch","locations":[{"start":{"line":68,"column":4},"end":{"line":70,"column":18}},{"start":{"line":71,"column":4},"end":{"line":72,"column":18}}],"line":67},"12":{"loc":{"start":{"line":76,"column":48},"end":{"line":76,"column":58}},"type":"default-arg","locations":[{"start":{"line":76,"column":56},"end":{"line":76,"column":58}}],"line":76},"13":{"loc":{"start":{"line":77,"column":2},"end":{"line":83,"column":3}},"type":"switch","locations":[{"start":{"line":78,"column":4},"end":{"line":80,"column":18}},{"start":{"line":81,"column":4},"end":{"line":82,"column":18}}],"line":77},"14":{"loc":{"start":{"line":86,"column":37},"end":{"line":86,"column":47}},"type":"default-arg","locations":[{"start":{"line":86,"column":45},"end":{"line":86,"column":47}}],"line":86},"15":{"loc":{"start":{"line":87,"column":2},"end":{"line":92,"column":3}},"type":"switch","locations":[{"start":{"line":88,"column":4},"end":{"line":89,"column":23}},{"start":{"line":90,"column":4},"end":{"line":91,"column":18}}],"line":87}},"s":{"0":19,"1":12,"2":89,"3":18,"4":71,"5":9,"6":1,"7":8,"8":9,"9":1,"10":0,"11":8,"12":9,"13":1,"14":0,"15":8,"16":9,"17":1,"18":0,"19":8,"20":9,"21":1,"22":0,"23":8,"24":10,"25":1,"26":9},"f":{"0":19,"1":12,"2":89,"3":9,"4":9,"5":9,"6":9,"7":9,"8":10},"b":{"0":[0],"1":[10,2],"2":[40],"3":[18,71],"4":[7],"5":[1,8],"6":[8],"7":[1,8],"8":[8],"9":[1,8],"10":[8],"11":[1,8],"12":[8],"13":[1,8],"14":[8],"15":[1,9]},"_coverageSchema":"43e27e138ebf9cfc5966b082cf9a028302ed4184","hash":"71912a54085f2baa2e7c24b5267748cdd2d1570e"}
}
