TN:
SF:C:\Users\venkatamahesha\Desktop\reactlint\lib\redux.js
FN:5,_interopDefault
FN:15,randomString
FN:22,PROBE_UNKNOWN_ACTION
FN:31,isPlainObject
FN:68,createStore
FN:105,ensureCanMutateNextListeners
FN:117,getState
FN:149,subscribe
FN:161,unsubscribe
FN:203,dispatch
FN:244,replaceReducer
FN:266,observable
FN:279,subscribe
FN:284,observeState
FN:296,(anonymous_14)
FN:321,warning
FN:338,getUndefinedStateErrorMessage
FN:344,getUnexpectedStateShapeWarningMessage
FN:356,(anonymous_18)
FN:359,(anonymous_19)
FN:369,assertReducerShape
FN:370,(anonymous_21)
FN:405,combineReducers
FN:440,combination
FN:479,bindActionCreator
FN:480,(anonymous_25)
FN:507,bindActionCreators
FN:529,_defineProperty
FN:544,_objectSpread
FN:550,(anonymous_29)
FN:555,(anonymous_30)
FN:573,compose
FN:579,(anonymous_32)
FN:588,(anonymous_33)
FN:589,(anonymous_34)
FN:612,applyMiddleware
FN:617,(anonymous_36)
FN:618,(anonymous_37)
FN:621,dispatch
FN:627,dispatch
FN:631,(anonymous_40)
FN:647,isCrushed
FNF:42
FNH:40
FNDA:5,_interopDefault
FNDA:61,randomString
FNDA:51,PROBE_UNKNOWN_ACTION
FNDA:176,isPlainObject
FNDA:71,createStore
FNDA:41,ensureCanMutateNextListeners
FNDA:36,getState
FNDA:34,subscribe
FNDA:15,unsubscribe
FNDA:127,dispatch
FNDA:5,replaceReducer
FNDA:6,observable
FNDA:8,subscribe
FNDA:9,observeState
FNDA:0,(anonymous_14)
FNDA:11,warning
FNDA:3,getUndefinedStateErrorMessage
FNDA:50,getUnexpectedStateShapeWarningMessage
FNDA:70,(anonymous_18)
FNDA:10,(anonymous_19)
FNDA:25,assertReducerShape
FNDA:53,(anonymous_21)
FNDA:25,combineReducers
FNDA:53,combination
FNDA:20,bindActionCreator
FNDA:3,(anonymous_25)
FNDA:7,bindActionCreators
FNDA:24,_defineProperty
FNDA:4,_objectSpread
FNDA:4,(anonymous_29)
FNDA:24,(anonymous_30)
FNDA:20,compose
FNDA:3,(anonymous_32)
FNDA:23,(anonymous_33)
FNDA:18,(anonymous_34)
FNDA:5,applyMiddleware
FNDA:5,(anonymous_36)
FNDA:5,(anonymous_37)
FNDA:1,dispatch
FNDA:5,dispatch
FNDA:8,(anonymous_40)
FNDA:0,isCrushed
DA:3,5
DA:5,5
DA:7,5
DA:15,5
DA:16,61
DA:19,5
DA:23,51
DA:32,176
DA:33,170
DA:35,170
DA:36,171
DA:39,170
DA:71,71
DA:72,2
DA:75,69
DA:76,3
DA:77,3
DA:80,69
DA:81,9
DA:82,4
DA:85,5
DA:88,60
DA:89,3
DA:92,57
DA:93,57
DA:94,57
DA:95,57
DA:96,57
DA:106,41
DA:107,27
DA:118,36
DA:119,1
DA:122,35
DA:150,34
DA:151,4
DA:154,30
DA:155,1
DA:158,29
DA:159,29
DA:160,29
DA:161,29
DA:162,15
DA:163,2
DA:166,13
DA:167,1
DA:170,12
DA:171,12
DA:172,12
DA:173,12
DA:204,127
DA:205,5
DA:208,122
DA:209,2
DA:212,120
DA:213,1
DA:216,119
DA:217,119
DA:218,119
DA:220,119
DA:223,114
DA:225,114
DA:226,37
DA:227,37
DA:230,114
DA:245,5
DA:246,1
DA:249,4
DA:254,4
DA:269,6
DA:270,6
DA:280,8
DA:281,3
DA:285,9
DA:286,7
DA:290,5
DA:291,5
DA:292,5
DA:297,0
DA:304,57
DA:307,57
DA:323,11
DA:324,11
DA:329,11
DA:333,11
DA:339,3
DA:340,3
DA:341,3
DA:345,50
DA:346,50
DA:348,50
DA:349,1
DA:352,49
DA:353,2
DA:356,47
DA:357,70
DA:359,47
DA:360,10
DA:362,47
DA:364,45
DA:365,6
DA:370,25
DA:371,53
DA:372,53
DA:376,52
DA:377,1
DA:380,51
DA:383,1
DA:406,25
DA:407,25
DA:409,25
DA:410,58
DA:412,58
DA:413,58
DA:414,2
DA:418,58
DA:419,53
DA:423,25
DA:428,25
DA:429,25
DA:434,25
DA:435,25
DA:437,3
DA:440,25
DA:441,53
DA:442,15
DA:445,53
DA:446,3
DA:449,50
DA:450,50
DA:452,50
DA:453,9
DA:457,50
DA:458,50
DA:460,50
DA:461,98
DA:462,98
DA:463,98
DA:464,98
DA:466,98
DA:467,3
DA:468,3
DA:471,95
DA:472,95
DA:475,47
DA:480,20
DA:481,3
DA:508,7
DA:509,2
DA:512,5
DA:513,3
DA:516,2
DA:518,2
DA:519,23
DA:521,23
DA:522,18
DA:526,2
DA:530,24
DA:531,4
DA:538,20
DA:541,24
DA:545,4
DA:546,8
DA:547,8
DA:549,8
DA:550,8
DA:551,4
DA:555,8
DA:556,24
DA:560,4
DA:574,20
DA:575,40
DA:578,20
DA:579,3
DA:580,3
DA:584,17
DA:585,3
DA:588,14
DA:589,23
DA:590,18
DA:613,5
DA:614,8
DA:617,5
DA:618,5
DA:619,5
DA:621,5
DA:622,1
DA:625,5
DA:628,5
DA:631,5
DA:632,8
DA:634,4
DA:635,4
DA:649,5
DA:650,0
DA:653,5
DA:654,5
DA:655,5
DA:656,5
DA:657,5
DA:658,5
LF:200
LH:198
BRDA:5,0,0,5
BRDA:5,0,1,0
BRDA:5,1,0,5
BRDA:5,1,1,5
BRDA:5,1,2,5
BRDA:32,2,0,6
BRDA:32,2,1,170
BRDA:32,3,0,176
BRDA:32,3,1,171
BRDA:71,4,0,2
BRDA:71,4,1,69
BRDA:71,5,0,71
BRDA:71,5,1,4
BRDA:71,5,2,70
BRDA:71,5,3,3
BRDA:75,6,0,3
BRDA:75,6,1,66
BRDA:75,7,0,69
BRDA:75,7,1,3
BRDA:80,8,0,9
BRDA:80,8,1,60
BRDA:81,9,0,4
BRDA:81,9,1,5
BRDA:88,10,0,3
BRDA:88,10,1,57
BRDA:106,11,0,27
BRDA:106,11,1,14
BRDA:118,12,0,1
BRDA:118,12,1,35
BRDA:150,13,0,4
BRDA:150,13,1,30
BRDA:154,14,0,1
BRDA:154,14,1,29
BRDA:162,15,0,2
BRDA:162,15,1,13
BRDA:166,16,0,1
BRDA:166,16,1,12
BRDA:204,17,0,5
BRDA:204,17,1,122
BRDA:208,18,0,2
BRDA:208,18,1,120
BRDA:212,19,0,1
BRDA:212,19,1,119
BRDA:245,20,0,1
BRDA:245,20,1,4
BRDA:280,21,0,3
BRDA:280,21,1,5
BRDA:280,22,0,8
BRDA:280,22,1,6
BRDA:285,23,0,7
BRDA:285,23,1,2
BRDA:323,24,0,11
BRDA:323,24,1,0
BRDA:323,25,0,11
BRDA:323,25,1,11
BRDA:339,26,0,3
BRDA:339,26,1,2
BRDA:340,27,0,3
BRDA:340,27,1,1
BRDA:340,27,2,2
BRDA:346,28,0,12
BRDA:346,28,1,38
BRDA:346,29,0,50
BRDA:346,29,1,42
BRDA:348,30,0,1
BRDA:348,30,1,49
BRDA:352,31,0,2
BRDA:352,31,1,47
BRDA:357,32,0,70
BRDA:357,32,1,21
BRDA:362,33,0,2
BRDA:362,33,1,45
BRDA:362,34,0,47
BRDA:362,34,1,41
BRDA:364,35,0,6
BRDA:364,35,1,39
BRDA:365,36,0,2
BRDA:365,36,1,4
BRDA:376,37,0,1
BRDA:376,37,1,51
BRDA:380,38,0,1
BRDA:380,38,1,50
BRDA:412,39,0,58
BRDA:412,39,1,0
BRDA:413,40,0,2
BRDA:413,40,1,56
BRDA:418,41,0,53
BRDA:418,41,1,5
BRDA:428,42,0,25
BRDA:428,42,1,0
BRDA:441,43,0,15
BRDA:441,43,1,38
BRDA:445,44,0,3
BRDA:445,44,1,50
BRDA:449,45,0,50
BRDA:449,45,1,0
BRDA:452,46,0,9
BRDA:452,46,1,41
BRDA:466,47,0,3
BRDA:466,47,1,95
BRDA:472,48,0,95
BRDA:472,48,1,64
BRDA:475,49,0,34
BRDA:475,49,1,13
BRDA:508,50,0,2
BRDA:508,50,1,5
BRDA:512,51,0,3
BRDA:512,51,1,2
BRDA:512,52,0,5
BRDA:512,52,1,3
BRDA:513,53,0,1
BRDA:513,53,1,2
BRDA:521,54,0,18
BRDA:521,54,1,5
BRDA:530,55,0,4
BRDA:530,55,1,20
BRDA:546,56,0,8
BRDA:546,56,1,0
BRDA:549,57,0,8
BRDA:549,57,1,0
BRDA:578,58,0,3
BRDA:578,58,1,17
BRDA:584,59,0,3
BRDA:584,59,1,14
BRDA:649,60,0,0
BRDA:649,60,1,5
BRDA:649,61,0,5
BRDA:649,61,1,5
BRDA:649,61,2,5
BRF:129
BRH:121
end_of_record
TN:
SF:C:\Users\venkatamahesha\Desktop\reactlint\src\utils\isPlainObject.js
FN:5,isPlainObject
FNF:1
FNH:1
FNDA:7,isPlainObject
DA:6,7
DA:8,5
DA:9,5
DA:10,8
DA:13,5
LF:5
LH:5
BRDA:6,0,0,2
BRDA:6,0,1,5
BRDA:6,1,0,7
BRDA:6,1,1,6
BRF:4
BRH:4
end_of_record
TN:
SF:C:\Users\venkatamahesha\Desktop\reactlint\src\utils\warning.js
FN:7,warning
FNF:1
FNH:1
FNDA:3,warning
DA:9,3
DA:10,1
DA:13,3
DA:17,3
LF:4
LH:4
BRDA:9,0,0,1
BRDA:9,0,1,2
BRDA:9,1,0,3
BRDA:9,1,1,2
BRF:4
BRH:4
end_of_record
TN:
SF:C:\Users\venkatamahesha\Desktop\reactlint\test\helpers\actionCreators.js
FN:11,addTodo
FN:15,addTodoAsync
FN:16,(anonymous_2)
FN:17,(anonymous_3)
FN:18,(anonymous_4)
FN:25,addTodoIfEmpty
FN:26,(anonymous_6)
FN:33,dispatchInMiddle
FN:40,getStateInMiddle
FN:47,subscribeInMiddle
FN:54,unsubscribeInMiddle
FN:61,throwError
FN:67,unknownAction
FNF:13
FNH:13
FNDA:22,addTodo
FNDA:2,addTodoAsync
FNDA:2,(anonymous_2)
FNDA:2,(anonymous_3)
FNDA:2,(anonymous_4)
FNDA:2,addTodoIfEmpty
FNDA:2,(anonymous_6)
FNDA:1,dispatchInMiddle
FNDA:1,getStateInMiddle
FNDA:1,subscribeInMiddle
FNDA:1,unsubscribeInMiddle
FNDA:1,throwError
FNDA:22,unknownAction
DA:12,22
DA:16,2
DA:17,2
DA:18,2
DA:19,2
DA:20,2
DA:26,2
DA:27,2
DA:28,1
DA:34,1
DA:41,1
DA:48,1
DA:55,1
DA:62,1
DA:68,22
LF:15
LH:15
BRDA:27,0,0,1
BRDA:27,0,1,1
BRF:2
BRH:2
end_of_record
TN:
SF:C:\Users\venkatamahesha\Desktop\reactlint\test\helpers\actionTypes.js
FNF:0
FNH:0
DA:1,3
DA:2,3
DA:3,3
DA:4,3
DA:5,3
DA:6,3
DA:7,3
LF:7
LH:7
BRF:0
BRH:0
end_of_record
TN:
SF:C:\Users\venkatamahesha\Desktop\reactlint\test\helpers\middleware.js
FN:1,thunk
FN:2,(anonymous_1)
FN:2,(anonymous_2)
FNF:3
FNH:3
FNDA:3,thunk
FNDA:3,(anonymous_1)
FNDA:10,(anonymous_2)
DA:2,3
DA:3,10
LF:2
LH:2
BRDA:3,0,0,4
BRDA:3,0,1,6
BRF:2
BRH:2
end_of_record
TN:
SF:C:\Users\venkatamahesha\Desktop\reactlint\test\helpers\reducers.js
FN:10,id
FN:12,(anonymous_1)
FN:16,todos
FN:31,todosReverse
FN:46,dispatchInTheMiddleOfReducer
FN:56,getStateInTheMiddleOfReducer
FN:66,subscribeInTheMiddleOfReducer
FN:76,unsubscribeInTheMiddleOfReducer
FN:86,errorThrowingReducer
FNF:9
FNH:9
FNDA:19,id
FNDA:12,(anonymous_1)
FNDA:89,todos
FNDA:9,todosReverse
FNDA:9,dispatchInTheMiddleOfReducer
FNDA:9,getStateInTheMiddleOfReducer
FNDA:9,subscribeInTheMiddleOfReducer
FNDA:9,unsubscribeInTheMiddleOfReducer
FNDA:10,errorThrowingReducer
DA:11,19
DA:12,12
DA:17,89
DA:19,18
DA:27,71
DA:32,9
DA:34,1
DA:42,8
DA:47,9
DA:49,1
DA:50,0
DA:52,8
DA:57,9
DA:59,1
DA:60,0
DA:62,8
DA:67,9
DA:69,1
DA:70,0
DA:72,8
DA:77,9
DA:79,1
DA:80,0
DA:82,8
DA:87,10
DA:89,1
DA:91,9
LF:27
LH:23
BRDA:10,0,0,0
BRDA:12,1,0,10
BRDA:12,1,1,2
BRDA:16,2,0,40
BRDA:17,3,0,18
BRDA:17,3,1,71
BRDA:31,4,0,7
BRDA:32,5,0,1
BRDA:32,5,1,8
BRDA:46,6,0,8
BRDA:47,7,0,1
BRDA:47,7,1,8
BRDA:56,8,0,8
BRDA:57,9,0,1
BRDA:57,9,1,8
BRDA:66,10,0,8
BRDA:67,11,0,1
BRDA:67,11,1,8
BRDA:76,12,0,8
BRDA:77,13,0,1
BRDA:77,13,1,8
BRDA:86,14,0,8
BRDA:87,15,0,1
BRDA:87,15,1,9
BRF:24
BRH:23
end_of_record
